{"C:\\Users\\casho\\Documents\\projects\\fiapBlog-frontEnd\\fiapBlog-frontEnd\\src\\api\\api.js": {"path":"C:\\Users\\casho\\Documents\\projects\\fiapBlog-frontEnd\\fiapBlog-frontEnd\\src\\api\\api.js","all":false,"statementMap":{"0":{"start":{"line":1,"column":0},"end":{"line":1,"column":27}},"1":{"start":{"line":2,"column":0},"end":{"line":2,"column":36}},"2":{"start":{"line":3,"column":0},"end":{"line":3,"column":0}},"3":{"start":{"line":4,"column":0},"end":{"line":4,"column":41}},"4":{"start":{"line":5,"column":0},"end":{"line":5,"column":42}},"5":{"start":{"line":6,"column":0},"end":{"line":6,"column":0}},"6":{"start":{"line":7,"column":0},"end":{"line":7,"column":24}},"7":{"start":{"line":8,"column":0},"end":{"line":8,"column":26}},"8":{"start":{"line":9,"column":0},"end":{"line":9,"column":67}},"9":{"start":{"line":10,"column":0},"end":{"line":10,"column":3}},"10":{"start":{"line":11,"column":0},"end":{"line":11,"column":0}},"11":{"start":{"line":12,"column":0},"end":{"line":12,"column":43}},"12":{"start":{"line":13,"column":0},"end":{"line":13,"column":42}},"13":{"start":{"line":14,"column":0},"end":{"line":14,"column":46}},"14":{"start":{"line":15,"column":0},"end":{"line":15,"column":14}},"15":{"start":{"line":16,"column":0},"end":{"line":16,"column":53}},"16":{"start":{"line":17,"column":0},"end":{"line":17,"column":3}},"17":{"start":{"line":18,"column":0},"end":{"line":18,"column":16}},"18":{"start":{"line":19,"column":0},"end":{"line":19,"column":3}},"19":{"start":{"line":20,"column":0},"end":{"line":20,"column":0}},"20":{"start":{"line":21,"column":0},"end":{"line":21,"column":20}},"21":{"start":{"line":22,"column":0},"end":{"line":22,"column":17}},"22":{"start":{"line":23,"column":0},"end":{"line":23,"column":43}},"23":{"start":{"line":24,"column":0},"end":{"line":24,"column":89}},"24":{"start":{"line":25,"column":0},"end":{"line":25,"column":25}},"25":{"start":{"line":26,"column":0},"end":{"line":26,"column":4}},"26":{"start":{"line":27,"column":0},"end":{"line":27,"column":0}},"27":{"start":{"line":28,"column":0},"end":{"line":28,"column":30}},"28":{"start":{"line":29,"column":0},"end":{"line":29,"column":51}},"29":{"start":{"line":30,"column":0},"end":{"line":30,"column":25}},"30":{"start":{"line":31,"column":0},"end":{"line":31,"column":4}},"31":{"start":{"line":32,"column":0},"end":{"line":32,"column":0}},"32":{"start":{"line":33,"column":0},"end":{"line":33,"column":35}},"33":{"start":{"line":34,"column":0},"end":{"line":34,"column":56}},"34":{"start":{"line":35,"column":0},"end":{"line":35,"column":25}},"35":{"start":{"line":36,"column":0},"end":{"line":36,"column":4}},"36":{"start":{"line":37,"column":0},"end":{"line":37,"column":0}},"37":{"start":{"line":38,"column":0},"end":{"line":38,"column":39}},"38":{"start":{"line":39,"column":0},"end":{"line":39,"column":61}},"39":{"start":{"line":40,"column":0},"end":{"line":40,"column":25}},"40":{"start":{"line":41,"column":0},"end":{"line":41,"column":4}},"41":{"start":{"line":42,"column":0},"end":{"line":42,"column":0}},"42":{"start":{"line":43,"column":0},"end":{"line":43,"column":29}},"43":{"start":{"line":44,"column":0},"end":{"line":44,"column":37}},"44":{"start":{"line":45,"column":0},"end":{"line":45,"column":4}},"45":{"start":{"line":46,"column":0},"end":{"line":46,"column":0}},"46":{"start":{"line":47,"column":0},"end":{"line":47,"column":42}},"47":{"start":{"line":48,"column":0},"end":{"line":48,"column":74}},"48":{"start":{"line":49,"column":0},"end":{"line":49,"column":25}},"49":{"start":{"line":50,"column":0},"end":{"line":50,"column":4}},"50":{"start":{"line":51,"column":0},"end":{"line":51,"column":0}},"51":{"start":{"line":52,"column":0},"end":{"line":52,"column":50}},"52":{"start":{"line":53,"column":0},"end":{"line":53,"column":66}},"53":{"start":{"line":54,"column":0},"end":{"line":54,"column":3}},"54":{"start":{"line":55,"column":0},"end":{"line":55,"column":2}},"55":{"start":{"line":56,"column":0},"end":{"line":56,"column":0}},"56":{"start":{"line":57,"column":0},"end":{"line":57,"column":65}},"57":{"start":{"line":58,"column":0},"end":{"line":58,"column":61}}},"s":{"0":1,"1":1,"2":1,"3":1,"4":1,"5":1,"6":1,"7":1,"8":1,"9":1,"10":1,"11":1,"12":1,"13":0,"14":0,"15":0,"16":0,"17":0,"18":1,"19":1,"20":1,"21":1,"22":1,"23":0,"24":0,"25":1,"26":1,"27":1,"28":0,"29":0,"30":1,"31":1,"32":1,"33":0,"34":0,"35":1,"36":1,"37":1,"38":0,"39":0,"40":1,"41":1,"42":1,"43":0,"44":1,"45":1,"46":1,"47":0,"48":0,"49":1,"50":1,"51":1,"52":0,"53":0,"54":1,"55":1,"56":1,"57":1},"branchMap":{"0":{"type":"branch","line":58,"loc":{"start":{"line":58,"column":51},"end":{"line":58,"column":60}},"locations":[{"start":{"line":58,"column":51},"end":{"line":58,"column":60}}]}},"b":{"0":[0]},"fnMap":{"0":{"name":"getAllPosts","decl":{"start":{"line":23,"column":15},"end":{"line":26,"column":3}},"loc":{"start":{"line":23,"column":15},"end":{"line":26,"column":3}},"line":23},"1":{"name":"getPostById","decl":{"start":{"line":28,"column":15},"end":{"line":31,"column":3}},"loc":{"start":{"line":28,"column":15},"end":{"line":31,"column":3}},"line":28},"2":{"name":"createPost","decl":{"start":{"line":33,"column":14},"end":{"line":36,"column":3}},"loc":{"start":{"line":33,"column":14},"end":{"line":36,"column":3}},"line":33},"3":{"name":"updatePost","decl":{"start":{"line":38,"column":14},"end":{"line":41,"column":3}},"loc":{"start":{"line":38,"column":14},"end":{"line":41,"column":3}},"line":38},"4":{"name":"deletePost","decl":{"start":{"line":43,"column":14},"end":{"line":45,"column":3}},"loc":{"start":{"line":43,"column":14},"end":{"line":45,"column":3}},"line":43},"5":{"name":"addComment","decl":{"start":{"line":47,"column":14},"end":{"line":50,"column":3}},"loc":{"start":{"line":47,"column":14},"end":{"line":50,"column":3}},"line":47},"6":{"name":"deleteComment","decl":{"start":{"line":52,"column":17},"end":{"line":54,"column":3}},"loc":{"start":{"line":52,"column":17},"end":{"line":54,"column":3}},"line":52}},"f":{"0":0,"1":0,"2":0,"3":0,"4":0,"5":0,"6":0}}
,"C:\\Users\\casho\\Documents\\projects\\fiapBlog-frontEnd\\fiapBlog-frontEnd\\src\\api\\mockApi.js": {"path":"C:\\Users\\casho\\Documents\\projects\\fiapBlog-frontEnd\\fiapBlog-frontEnd\\src\\api\\mockApi.js","all":false,"statementMap":{"0":{"start":{"line":1,"column":0},"end":{"line":1,"column":19}},"1":{"start":{"line":2,"column":0},"end":{"line":2,"column":3}},"2":{"start":{"line":3,"column":0},"end":{"line":3,"column":10}},"3":{"start":{"line":4,"column":0},"end":{"line":4,"column":50}},"4":{"start":{"line":5,"column":0},"end":{"line":5,"column":33}},"5":{"start":{"line":6,"column":0},"end":{"line":6,"column":676}},"6":{"start":{"line":7,"column":0},"end":{"line":7,"column":102}},"7":{"start":{"line":8,"column":0},"end":{"line":8,"column":28}},"8":{"start":{"line":9,"column":0},"end":{"line":9,"column":15}},"9":{"start":{"line":10,"column":0},"end":{"line":10,"column":7}},"10":{"start":{"line":11,"column":0},"end":{"line":11,"column":14}},"11":{"start":{"line":12,"column":0},"end":{"line":12,"column":29}},"12":{"start":{"line":13,"column":0},"end":{"line":13,"column":90}},"13":{"start":{"line":14,"column":0},"end":{"line":14,"column":31}},"14":{"start":{"line":15,"column":0},"end":{"line":15,"column":7}},"15":{"start":{"line":16,"column":0},"end":{"line":16,"column":5}},"16":{"start":{"line":17,"column":0},"end":{"line":17,"column":4}},"17":{"start":{"line":18,"column":0},"end":{"line":18,"column":3}},"18":{"start":{"line":19,"column":0},"end":{"line":19,"column":10}},"19":{"start":{"line":20,"column":0},"end":{"line":20,"column":51}},"20":{"start":{"line":21,"column":0},"end":{"line":21,"column":34}},"21":{"start":{"line":22,"column":0},"end":{"line":22,"column":691}},"22":{"start":{"line":23,"column":0},"end":{"line":23,"column":101}},"23":{"start":{"line":24,"column":0},"end":{"line":24,"column":28}},"24":{"start":{"line":25,"column":0},"end":{"line":25,"column":16}},"25":{"start":{"line":26,"column":0},"end":{"line":26,"column":4}},"26":{"start":{"line":27,"column":0},"end":{"line":27,"column":3}},"27":{"start":{"line":28,"column":0},"end":{"line":28,"column":10}},"28":{"start":{"line":29,"column":0},"end":{"line":29,"column":68}},"29":{"start":{"line":30,"column":0},"end":{"line":30,"column":37}},"30":{"start":{"line":31,"column":0},"end":{"line":31,"column":665}},"31":{"start":{"line":32,"column":0},"end":{"line":32,"column":95}},"32":{"start":{"line":33,"column":0},"end":{"line":33,"column":28}},"33":{"start":{"line":34,"column":0},"end":{"line":34,"column":16}},"34":{"start":{"line":35,"column":0},"end":{"line":35,"column":3}},"35":{"start":{"line":36,"column":0},"end":{"line":36,"column":2}},"36":{"start":{"line":37,"column":0},"end":{"line":37,"column":0}},"37":{"start":{"line":38,"column":0},"end":{"line":38,"column":24}},"38":{"start":{"line":39,"column":0},"end":{"line":39,"column":43}},"39":{"start":{"line":40,"column":0},"end":{"line":40,"column":59}},"40":{"start":{"line":41,"column":0},"end":{"line":41,"column":21}},"41":{"start":{"line":42,"column":0},"end":{"line":42,"column":38}},"42":{"start":{"line":43,"column":0},"end":{"line":43,"column":70}},"43":{"start":{"line":44,"column":0},"end":{"line":44,"column":69}},"44":{"start":{"line":45,"column":0},"end":{"line":45,"column":8}},"45":{"start":{"line":46,"column":0},"end":{"line":46,"column":5}},"46":{"start":{"line":47,"column":0},"end":{"line":47,"column":21}},"47":{"start":{"line":48,"column":0},"end":{"line":48,"column":4}},"48":{"start":{"line":49,"column":0},"end":{"line":49,"column":0}},"49":{"start":{"line":50,"column":0},"end":{"line":50,"column":50}},"50":{"start":{"line":51,"column":0},"end":{"line":51,"column":59}},"51":{"start":{"line":52,"column":0},"end":{"line":52,"column":64}},"52":{"start":{"line":53,"column":0},"end":{"line":53,"column":32}},"53":{"start":{"line":54,"column":0},"end":{"line":54,"column":44}},"54":{"start":{"line":55,"column":0},"end":{"line":55,"column":5}},"55":{"start":{"line":56,"column":0},"end":{"line":56,"column":16}},"56":{"start":{"line":57,"column":0},"end":{"line":57,"column":4}},"57":{"start":{"line":58,"column":0},"end":{"line":58,"column":0}},"58":{"start":{"line":59,"column":0},"end":{"line":59,"column":30}},"59":{"start":{"line":60,"column":0},"end":{"line":60,"column":59}},"60":{"start":{"line":61,"column":0},"end":{"line":61,"column":58}},"61":{"start":{"line":62,"column":0},"end":{"line":62,"column":54}},"62":{"start":{"line":63,"column":0},"end":{"line":63,"column":16}},"63":{"start":{"line":64,"column":0},"end":{"line":64,"column":4}},"64":{"start":{"line":65,"column":0},"end":{"line":65,"column":0}},"65":{"start":{"line":66,"column":0},"end":{"line":66,"column":35}},"66":{"start":{"line":67,"column":0},"end":{"line":67,"column":59}},"67":{"start":{"line":68,"column":0},"end":{"line":68,"column":21}},"68":{"start":{"line":69,"column":0},"end":{"line":69,"column":31}},"69":{"start":{"line":70,"column":0},"end":{"line":70,"column":18}},"70":{"start":{"line":71,"column":0},"end":{"line":71,"column":56}},"71":{"start":{"line":72,"column":0},"end":{"line":72,"column":18}},"72":{"start":{"line":73,"column":0},"end":{"line":73,"column":6}},"73":{"start":{"line":74,"column":0},"end":{"line":74,"column":28}},"74":{"start":{"line":75,"column":0},"end":{"line":75,"column":19}},"75":{"start":{"line":76,"column":0},"end":{"line":76,"column":4}},"76":{"start":{"line":77,"column":0},"end":{"line":77,"column":0}},"77":{"start":{"line":78,"column":0},"end":{"line":78,"column":39}},"78":{"start":{"line":79,"column":0},"end":{"line":79,"column":59}},"79":{"start":{"line":80,"column":0},"end":{"line":80,"column":64}},"80":{"start":{"line":81,"column":0},"end":{"line":81,"column":61}},"81":{"start":{"line":82,"column":0},"end":{"line":82,"column":76}},"82":{"start":{"line":83,"column":0},"end":{"line":83,"column":28}},"83":{"start":{"line":84,"column":0},"end":{"line":84,"column":4}},"84":{"start":{"line":85,"column":0},"end":{"line":85,"column":0}},"85":{"start":{"line":86,"column":0},"end":{"line":86,"column":29}},"86":{"start":{"line":87,"column":0},"end":{"line":87,"column":59}},"87":{"start":{"line":88,"column":0},"end":{"line":88,"column":64}},"88":{"start":{"line":89,"column":0},"end":{"line":89,"column":61}},"89":{"start":{"line":90,"column":0},"end":{"line":90,"column":31}},"90":{"start":{"line":91,"column":0},"end":{"line":91,"column":4}},"91":{"start":{"line":92,"column":0},"end":{"line":92,"column":0}},"92":{"start":{"line":93,"column":0},"end":{"line":93,"column":42}},"93":{"start":{"line":94,"column":0},"end":{"line":94,"column":59}},"94":{"start":{"line":95,"column":0},"end":{"line":95,"column":62}},"95":{"start":{"line":96,"column":0},"end":{"line":96,"column":54}},"96":{"start":{"line":97,"column":0},"end":{"line":97,"column":24}},"97":{"start":{"line":98,"column":0},"end":{"line":98,"column":42}},"98":{"start":{"line":99,"column":0},"end":{"line":99,"column":17}},"99":{"start":{"line":100,"column":0},"end":{"line":100,"column":55}},"100":{"start":{"line":101,"column":0},"end":{"line":101,"column":6}},"101":{"start":{"line":102,"column":0},"end":{"line":102,"column":35}},"102":{"start":{"line":103,"column":0},"end":{"line":103,"column":22}},"103":{"start":{"line":104,"column":0},"end":{"line":104,"column":3}},"104":{"start":{"line":105,"column":0},"end":{"line":105,"column":2}}},"s":{"0":1,"1":1,"2":1,"3":1,"4":1,"5":1,"6":1,"7":1,"8":1,"9":1,"10":1,"11":1,"12":1,"13":1,"14":1,"15":1,"16":1,"17":1,"18":1,"19":1,"20":1,"21":1,"22":1,"23":1,"24":1,"25":1,"26":1,"27":1,"28":1,"29":1,"30":1,"31":1,"32":1,"33":1,"34":1,"35":1,"36":1,"37":1,"38":1,"39":2,"40":0,"41":0,"42":0,"43":0,"44":0,"45":0,"46":0,"47":1,"48":1,"49":1,"50":0,"51":0,"52":0,"53":0,"54":0,"55":0,"56":1,"57":1,"58":1,"59":0,"60":0,"61":0,"62":0,"63":1,"64":1,"65":1,"66":0,"67":0,"68":0,"69":0,"70":0,"71":0,"72":0,"73":0,"74":0,"75":1,"76":1,"77":1,"78":0,"79":0,"80":0,"81":0,"82":0,"83":1,"84":1,"85":1,"86":0,"87":0,"88":0,"89":0,"90":1,"91":1,"92":1,"93":0,"94":0,"95":0,"96":0,"97":0,"98":0,"99":0,"100":0,"101":0,"102":0,"103":0,"104":1},"branchMap":{"0":{"type":"branch","line":39,"loc":{"start":{"line":39,"column":15},"end":{"line":48,"column":3}},"locations":[{"start":{"line":39,"column":15},"end":{"line":48,"column":3}}]},"1":{"type":"branch","line":41,"loc":{"start":{"line":41,"column":-2},"end":{"line":48,"column":2}},"locations":[{"start":{"line":41,"column":-2},"end":{"line":48,"column":2}}]},"2":{"type":"branch","line":40,"loc":{"start":{"line":40,"column":22},"end":{"line":40,"column":57}},"locations":[{"start":{"line":40,"column":22},"end":{"line":40,"column":57}}]}},"b":{"0":[2],"1":[0],"2":[2]},"fnMap":{"0":{"name":"getAllPosts","decl":{"start":{"line":39,"column":15},"end":{"line":48,"column":3}},"loc":{"start":{"line":39,"column":15},"end":{"line":48,"column":3}},"line":39},"1":{"name":"deleteComment","decl":{"start":{"line":50,"column":17},"end":{"line":57,"column":3}},"loc":{"start":{"line":50,"column":17},"end":{"line":57,"column":3}},"line":50},"2":{"name":"getPostById","decl":{"start":{"line":59,"column":15},"end":{"line":64,"column":3}},"loc":{"start":{"line":59,"column":15},"end":{"line":64,"column":3}},"line":59},"3":{"name":"createPost","decl":{"start":{"line":66,"column":14},"end":{"line":76,"column":3}},"loc":{"start":{"line":66,"column":14},"end":{"line":76,"column":3}},"line":66},"4":{"name":"updatePost","decl":{"start":{"line":78,"column":14},"end":{"line":84,"column":3}},"loc":{"start":{"line":78,"column":14},"end":{"line":84,"column":3}},"line":78},"5":{"name":"deletePost","decl":{"start":{"line":86,"column":14},"end":{"line":91,"column":3}},"loc":{"start":{"line":86,"column":14},"end":{"line":91,"column":3}},"line":86},"6":{"name":"addComment","decl":{"start":{"line":93,"column":14},"end":{"line":104,"column":3}},"loc":{"start":{"line":93,"column":14},"end":{"line":104,"column":3}},"line":93}},"f":{"0":2,"1":0,"2":0,"3":0,"4":0,"5":0,"6":0}}
,"C:\\Users\\casho\\Documents\\projects\\fiapBlog-frontEnd\\fiapBlog-frontEnd\\src\\api\\mockAuthApi.js": {"path":"C:\\Users\\casho\\Documents\\projects\\fiapBlog-frontEnd\\fiapBlog-frontEnd\\src\\api\\mockAuthApi.js","all":false,"statementMap":{"0":{"start":{"line":1,"column":0},"end":{"line":1,"column":54}},"1":{"start":{"line":2,"column":0},"end":{"line":2,"column":0}},"2":{"start":{"line":3,"column":0},"end":{"line":3,"column":64}},"3":{"start":{"line":4,"column":0},"end":{"line":4,"column":19}},"4":{"start":{"line":5,"column":0},"end":{"line":5,"column":3}},"5":{"start":{"line":6,"column":0},"end":{"line":6,"column":10}},"6":{"start":{"line":7,"column":0},"end":{"line":7,"column":24}},"7":{"start":{"line":8,"column":0},"end":{"line":8,"column":37}},"8":{"start":{"line":9,"column":0},"end":{"line":9,"column":22}},"9":{"start":{"line":10,"column":0},"end":{"line":10,"column":31}},"10":{"start":{"line":11,"column":0},"end":{"line":11,"column":85}},"11":{"start":{"line":12,"column":0},"end":{"line":12,"column":44}},"12":{"start":{"line":13,"column":0},"end":{"line":13,"column":4}},"13":{"start":{"line":14,"column":0},"end":{"line":14,"column":3}},"14":{"start":{"line":15,"column":0},"end":{"line":15,"column":10}},"15":{"start":{"line":16,"column":0},"end":{"line":16,"column":26}},"16":{"start":{"line":17,"column":0},"end":{"line":17,"column":39}},"17":{"start":{"line":18,"column":0},"end":{"line":18,"column":22}},"18":{"start":{"line":19,"column":0},"end":{"line":19,"column":85}},"19":{"start":{"line":20,"column":0},"end":{"line":20,"column":44}},"20":{"start":{"line":21,"column":0},"end":{"line":21,"column":4}},"21":{"start":{"line":22,"column":0},"end":{"line":22,"column":3}},"22":{"start":{"line":23,"column":0},"end":{"line":23,"column":10}},"23":{"start":{"line":24,"column":0},"end":{"line":24,"column":23}},"24":{"start":{"line":25,"column":0},"end":{"line":25,"column":36}},"25":{"start":{"line":26,"column":0},"end":{"line":26,"column":20}},"26":{"start":{"line":27,"column":0},"end":{"line":27,"column":85}},"27":{"start":{"line":28,"column":0},"end":{"line":28,"column":44}},"28":{"start":{"line":29,"column":0},"end":{"line":29,"column":3}},"29":{"start":{"line":30,"column":0},"end":{"line":30,"column":2}},"30":{"start":{"line":31,"column":0},"end":{"line":31,"column":0}},"31":{"start":{"line":32,"column":0},"end":{"line":32,"column":28}},"32":{"start":{"line":33,"column":0},"end":{"line":33,"column":37}},"33":{"start":{"line":34,"column":0},"end":{"line":34,"column":83}},"34":{"start":{"line":35,"column":0},"end":{"line":35,"column":4}},"35":{"start":{"line":36,"column":0},"end":{"line":36,"column":56}},"36":{"start":{"line":37,"column":0},"end":{"line":37,"column":16}},"37":{"start":{"line":38,"column":0},"end":{"line":38,"column":48}},"38":{"start":{"line":39,"column":0},"end":{"line":39,"column":5}},"39":{"start":{"line":40,"column":0},"end":{"line":40,"column":0}},"40":{"start":{"line":41,"column":0},"end":{"line":41,"column":9}},"41":{"start":{"line":42,"column":0},"end":{"line":42,"column":57}},"42":{"start":{"line":43,"column":0},"end":{"line":43,"column":83}},"43":{"start":{"line":44,"column":0},"end":{"line":44,"column":21}},"44":{"start":{"line":45,"column":0},"end":{"line":45,"column":43}},"45":{"start":{"line":46,"column":0},"end":{"line":46,"column":7}},"46":{"start":{"line":47,"column":0},"end":{"line":47,"column":21}},"47":{"start":{"line":48,"column":0},"end":{"line":48,"column":55}},"48":{"start":{"line":49,"column":0},"end":{"line":49,"column":55}},"49":{"start":{"line":50,"column":0},"end":{"line":50,"column":5}},"50":{"start":{"line":51,"column":0},"end":{"line":51,"column":0}},"51":{"start":{"line":52,"column":0},"end":{"line":52,"column":57}},"52":{"start":{"line":53,"column":0},"end":{"line":53,"column":40}},"53":{"start":{"line":54,"column":0},"end":{"line":54,"column":23}},"54":{"start":{"line":55,"column":0},"end":{"line":55,"column":25}},"55":{"start":{"line":56,"column":0},"end":{"line":56,"column":22}},"56":{"start":{"line":57,"column":0},"end":{"line":57,"column":60}},"57":{"start":{"line":58,"column":0},"end":{"line":58,"column":8}},"58":{"start":{"line":59,"column":0},"end":{"line":59,"column":0}},"59":{"start":{"line":60,"column":0},"end":{"line":60,"column":71}},"60":{"start":{"line":61,"column":0},"end":{"line":61,"column":12}},"61":{"start":{"line":62,"column":0},"end":{"line":62,"column":32}},"62":{"start":{"line":63,"column":0},"end":{"line":63,"column":11}},"63":{"start":{"line":64,"column":0},"end":{"line":64,"column":6}},"64":{"start":{"line":65,"column":0},"end":{"line":65,"column":4}},"65":{"start":{"line":66,"column":0},"end":{"line":66,"column":0}},"66":{"start":{"line":67,"column":0},"end":{"line":67,"column":35}},"67":{"start":{"line":68,"column":0},"end":{"line":68,"column":59}},"68":{"start":{"line":69,"column":0},"end":{"line":69,"column":9}},"69":{"start":{"line":70,"column":0},"end":{"line":70,"column":46}},"70":{"start":{"line":71,"column":0},"end":{"line":71,"column":37}},"71":{"start":{"line":72,"column":0},"end":{"line":72,"column":42}},"72":{"start":{"line":73,"column":0},"end":{"line":73,"column":7}},"73":{"start":{"line":74,"column":0},"end":{"line":74,"column":64}},"74":{"start":{"line":75,"column":0},"end":{"line":75,"column":18}},"75":{"start":{"line":76,"column":0},"end":{"line":76,"column":50}},"76":{"start":{"line":77,"column":0},"end":{"line":77,"column":7}},"77":{"start":{"line":78,"column":0},"end":{"line":78,"column":73}},"78":{"start":{"line":79,"column":0},"end":{"line":79,"column":33}},"79":{"start":{"line":80,"column":0},"end":{"line":80,"column":13}},"80":{"start":{"line":81,"column":0},"end":{"line":81,"column":40}},"81":{"start":{"line":82,"column":0},"end":{"line":82,"column":5}},"82":{"start":{"line":83,"column":0},"end":{"line":83,"column":4}},"83":{"start":{"line":84,"column":0},"end":{"line":84,"column":0}},"84":{"start":{"line":85,"column":0},"end":{"line":85,"column":49}},"85":{"start":{"line":86,"column":0},"end":{"line":86,"column":27}},"86":{"start":{"line":87,"column":0},"end":{"line":87,"column":53}},"87":{"start":{"line":88,"column":0},"end":{"line":88,"column":18}},"88":{"start":{"line":89,"column":0},"end":{"line":89,"column":4}},"89":{"start":{"line":90,"column":0},"end":{"line":90,"column":0}},"90":{"start":{"line":91,"column":0},"end":{"line":91,"column":29}},"91":{"start":{"line":92,"column":0},"end":{"line":92,"column":43}},"92":{"start":{"line":93,"column":0},"end":{"line":93,"column":45}},"93":{"start":{"line":94,"column":0},"end":{"line":94,"column":4}},"94":{"start":{"line":95,"column":0},"end":{"line":95,"column":0}},"95":{"start":{"line":96,"column":0},"end":{"line":96,"column":27}},"96":{"start":{"line":97,"column":0},"end":{"line":97,"column":44}},"97":{"start":{"line":98,"column":0},"end":{"line":98,"column":45}},"98":{"start":{"line":99,"column":0},"end":{"line":99,"column":4}},"99":{"start":{"line":100,"column":0},"end":{"line":100,"column":0}},"100":{"start":{"line":101,"column":0},"end":{"line":101,"column":29}},"101":{"start":{"line":102,"column":0},"end":{"line":102,"column":45}},"102":{"start":{"line":103,"column":0},"end":{"line":103,"column":45}},"103":{"start":{"line":104,"column":0},"end":{"line":104,"column":4}},"104":{"start":{"line":105,"column":0},"end":{"line":105,"column":0}},"105":{"start":{"line":106,"column":0},"end":{"line":106,"column":29}},"106":{"start":{"line":107,"column":0},"end":{"line":107,"column":52}},"107":{"start":{"line":108,"column":0},"end":{"line":108,"column":18}},"108":{"start":{"line":109,"column":0},"end":{"line":109,"column":4}},"109":{"start":{"line":110,"column":0},"end":{"line":110,"column":0}},"110":{"start":{"line":111,"column":0},"end":{"line":111,"column":45}},"111":{"start":{"line":112,"column":0},"end":{"line":112,"column":36}},"112":{"start":{"line":113,"column":0},"end":{"line":113,"column":25}},"113":{"start":{"line":114,"column":0},"end":{"line":114,"column":61}},"114":{"start":{"line":115,"column":0},"end":{"line":115,"column":41}},"115":{"start":{"line":116,"column":0},"end":{"line":116,"column":39}},"116":{"start":{"line":117,"column":0},"end":{"line":117,"column":41}},"117":{"start":{"line":118,"column":0},"end":{"line":118,"column":68}},"118":{"start":{"line":119,"column":0},"end":{"line":119,"column":6}},"119":{"start":{"line":120,"column":0},"end":{"line":120,"column":4}},"120":{"start":{"line":121,"column":0},"end":{"line":121,"column":39}},"121":{"start":{"line":122,"column":0},"end":{"line":122,"column":3}},"122":{"start":{"line":123,"column":0},"end":{"line":123,"column":2}}},"s":{"0":1,"1":1,"2":1,"3":1,"4":1,"5":1,"6":1,"7":1,"8":1,"9":1,"10":1,"11":1,"12":1,"13":1,"14":1,"15":1,"16":1,"17":1,"18":1,"19":1,"20":1,"21":1,"22":1,"23":1,"24":1,"25":1,"26":1,"27":1,"28":1,"29":1,"30":1,"31":1,"32":1,"33":0,"34":0,"35":0,"36":0,"37":0,"38":0,"39":0,"40":0,"41":0,"42":0,"43":0,"44":0,"45":0,"46":0,"47":0,"48":0,"49":0,"50":0,"51":0,"52":0,"53":0,"54":0,"55":0,"56":0,"57":0,"58":0,"59":0,"60":0,"61":0,"62":0,"63":0,"64":1,"65":1,"66":1,"67":0,"68":0,"69":0,"70":0,"71":0,"72":0,"73":0,"74":0,"75":0,"76":0,"77":0,"78":0,"79":0,"80":0,"81":0,"82":1,"83":1,"84":1,"85":1,"86":0,"87":0,"88":1,"89":1,"90":1,"91":0,"92":0,"93":1,"94":1,"95":1,"96":0,"97":0,"98":1,"99":1,"100":1,"101":0,"102":0,"103":1,"104":1,"105":1,"106":0,"107":0,"108":1,"109":1,"110":1,"111":1,"112":0,"113":0,"114":0,"115":0,"116":0,"117":0,"118":0,"119":0,"120":0,"121":0,"122":1},"branchMap":{},"b":{},"fnMap":{"0":{"name":"login","decl":{"start":{"line":33,"column":9},"end":{"line":65,"column":3}},"loc":{"start":{"line":33,"column":9},"end":{"line":65,"column":3}},"line":33},"1":{"name":"validateToken","decl":{"start":{"line":67,"column":17},"end":{"line":83,"column":3}},"loc":{"start":{"line":67,"column":17},"end":{"line":83,"column":3}},"line":67},"2":{"name":"canReadPosts","decl":{"start":{"line":86,"column":16},"end":{"line":89,"column":3}},"loc":{"start":{"line":86,"column":16},"end":{"line":89,"column":3}},"line":86},"3":{"name":"canCreatePosts","decl":{"start":{"line":91,"column":18},"end":{"line":94,"column":3}},"loc":{"start":{"line":91,"column":18},"end":{"line":94,"column":3}},"line":91},"4":{"name":"canEditPosts","decl":{"start":{"line":96,"column":16},"end":{"line":99,"column":3}},"loc":{"start":{"line":96,"column":16},"end":{"line":99,"column":3}},"line":96},"5":{"name":"canDeletePosts","decl":{"start":{"line":101,"column":18},"end":{"line":104,"column":3}},"loc":{"start":{"line":101,"column":18},"end":{"line":104,"column":3}},"line":101},"6":{"name":"canAddComments","decl":{"start":{"line":106,"column":18},"end":{"line":109,"column":3}},"loc":{"start":{"line":106,"column":18},"end":{"line":109,"column":3}},"line":106},"7":{"name":"hasPermission","decl":{"start":{"line":112,"column":17},"end":{"line":122,"column":3}},"loc":{"start":{"line":112,"column":17},"end":{"line":122,"column":3}},"line":112}},"f":{"0":0,"1":0,"2":0,"3":0,"4":0,"5":0,"6":0,"7":0}}
,"C:\\Users\\casho\\Documents\\projects\\fiapBlog-frontEnd\\fiapBlog-frontEnd\\src\\components\\common\\StyledComponents.jsx": {"path":"C:\\Users\\casho\\Documents\\projects\\fiapBlog-frontEnd\\fiapBlog-frontEnd\\src\\components\\common\\StyledComponents.jsx","all":false,"statementMap":{"0":{"start":{"line":1,"column":0},"end":{"line":1,"column":39}},"1":{"start":{"line":2,"column":0},"end":{"line":2,"column":43}},"2":{"start":{"line":3,"column":0},"end":{"line":3,"column":0}},"3":{"start":{"line":4,"column":0},"end":{"line":4,"column":36}},"4":{"start":{"line":5,"column":0},"end":{"line":5,"column":20}},"5":{"start":{"line":6,"column":0},"end":{"line":6,"column":39}},"6":{"start":{"line":7,"column":0},"end":{"line":7,"column":15}},"7":{"start":{"line":8,"column":0},"end":{"line":8,"column":19}},"8":{"start":{"line":9,"column":0},"end":{"line":9,"column":18}},"9":{"start":{"line":10,"column":0},"end":{"line":10,"column":35}},"10":{"start":{"line":11,"column":0},"end":{"line":11,"column":2}},"11":{"start":{"line":12,"column":0},"end":{"line":12,"column":45}},"12":{"start":{"line":13,"column":0},"end":{"line":13,"column":46}},"13":{"start":{"line":14,"column":0},"end":{"line":14,"column":33}},"14":{"start":{"line":15,"column":0},"end":{"line":15,"column":13}},"15":{"start":{"line":16,"column":0},"end":{"line":16,"column":50}},"16":{"start":{"line":17,"column":0},"end":{"line":17,"column":5}},"17":{"start":{"line":18,"column":0},"end":{"line":18,"column":4}},"18":{"start":{"line":19,"column":0},"end":{"line":19,"column":0}},"19":{"start":{"line":20,"column":0},"end":{"line":20,"column":44}},"20":{"start":{"line":21,"column":0},"end":{"line":21,"column":45}},"21":{"start":{"line":22,"column":0},"end":{"line":22,"column":33}},"22":{"start":{"line":23,"column":0},"end":{"line":23,"column":13}},"23":{"start":{"line":24,"column":0},"end":{"line":24,"column":49}},"24":{"start":{"line":25,"column":0},"end":{"line":25,"column":5}},"25":{"start":{"line":26,"column":0},"end":{"line":26,"column":4}},"26":{"start":{"line":27,"column":0},"end":{"line":27,"column":0}},"27":{"start":{"line":28,"column":0},"end":{"line":28,"column":14}},"28":{"start":{"line":29,"column":0},"end":{"line":29,"column":17}},"29":{"start":{"line":30,"column":0},"end":{"line":30,"column":24}},"30":{"start":{"line":31,"column":0},"end":{"line":31,"column":3}},"31":{"start":{"line":32,"column":0},"end":{"line":32,"column":2}},"32":{"start":{"line":33,"column":0},"end":{"line":33,"column":0}},"33":{"start":{"line":34,"column":0},"end":{"line":34,"column":31}},"34":{"start":{"line":35,"column":0},"end":{"line":35,"column":43}},"35":{"start":{"line":36,"column":0},"end":{"line":36,"column":39}},"36":{"start":{"line":37,"column":0},"end":{"line":37,"column":31}},"37":{"start":{"line":38,"column":0},"end":{"line":38,"column":30}},"38":{"start":{"line":39,"column":0},"end":{"line":39,"column":37}},"39":{"start":{"line":40,"column":0},"end":{"line":40,"column":2}},"40":{"start":{"line":41,"column":0},"end":{"line":41,"column":0}},"41":{"start":{"line":42,"column":0},"end":{"line":42,"column":34}},"42":{"start":{"line":43,"column":0},"end":{"line":43,"column":14}},"43":{"start":{"line":44,"column":0},"end":{"line":44,"column":31}},"44":{"start":{"line":45,"column":0},"end":{"line":45,"column":43}},"45":{"start":{"line":46,"column":0},"end":{"line":46,"column":39}},"46":{"start":{"line":47,"column":0},"end":{"line":47,"column":37}},"47":{"start":{"line":48,"column":0},"end":{"line":48,"column":2}},"48":{"start":{"line":49,"column":0},"end":{"line":49,"column":11}},"49":{"start":{"line":50,"column":0},"end":{"line":50,"column":18}},"50":{"start":{"line":51,"column":0},"end":{"line":51,"column":42}},"51":{"start":{"line":52,"column":0},"end":{"line":52,"column":3}},"52":{"start":{"line":53,"column":0},"end":{"line":53,"column":2}},"53":{"start":{"line":54,"column":0},"end":{"line":54,"column":0}},"54":{"start":{"line":55,"column":0},"end":{"line":55,"column":40}},"55":{"start":{"line":56,"column":0},"end":{"line":56,"column":14}},"56":{"start":{"line":57,"column":0},"end":{"line":57,"column":31}},"57":{"start":{"line":58,"column":0},"end":{"line":58,"column":43}},"58":{"start":{"line":59,"column":0},"end":{"line":59,"column":39}},"59":{"start":{"line":60,"column":0},"end":{"line":60,"column":37}},"60":{"start":{"line":61,"column":0},"end":{"line":61,"column":20}},"61":{"start":{"line":62,"column":0},"end":{"line":62,"column":19}},"62":{"start":{"line":63,"column":0},"end":{"line":63,"column":2}},"63":{"start":{"line":64,"column":0},"end":{"line":64,"column":11}},"64":{"start":{"line":65,"column":0},"end":{"line":65,"column":18}},"65":{"start":{"line":66,"column":0},"end":{"line":66,"column":42}},"66":{"start":{"line":67,"column":0},"end":{"line":67,"column":3}},"67":{"start":{"line":68,"column":0},"end":{"line":68,"column":2}}},"s":{"0":1,"1":1,"2":1,"3":1,"4":1,"5":1,"6":1,"7":1,"8":1,"9":1,"10":1,"11":1,"12":3,"13":3,"14":3,"15":3,"16":1,"17":1,"18":1,"19":1,"20":1,"21":1,"22":1,"23":1,"24":1,"25":1,"26":1,"27":1,"28":1,"29":1,"30":1,"31":1,"32":1,"33":1,"34":1,"35":1,"36":1,"37":1,"38":1,"39":1,"40":1,"41":1,"42":1,"43":1,"44":1,"45":1,"46":1,"47":1,"48":1,"49":1,"50":1,"51":1,"52":1,"53":1,"54":1,"55":1,"56":1,"57":1,"58":1,"59":1,"60":1,"61":1,"62":1,"63":1,"64":1,"65":1,"66":1,"67":1},"branchMap":{"0":{"type":"branch","line":12,"loc":{"start":{"line":12,"column":4},"end":{"line":16,"column":50}},"locations":[{"start":{"line":12,"column":4},"end":{"line":16,"column":50}}]},"1":{"type":"branch","line":12,"loc":{"start":{"line":12,"column":31},"end":{"line":16,"column":50}},"locations":[{"start":{"line":12,"column":31},"end":{"line":16,"column":50}}]},"2":{"type":"branch","line":20,"loc":{"start":{"line":20,"column":4},"end":{"line":24,"column":49}},"locations":[{"start":{"line":20,"column":4},"end":{"line":24,"column":49}}]},"3":{"type":"branch","line":20,"loc":{"start":{"line":20,"column":31},"end":{"line":24,"column":49}},"locations":[{"start":{"line":20,"column":31},"end":{"line":24,"column":49}}]}},"b":{"0":[5],"1":[3],"2":[5],"3":[1]},"fnMap":{"0":{"name":"Object.defineProperty.enumerable","decl":{"start":{"line":12,"column":4},"end":{"line":16,"column":50}},"loc":{"start":{"line":12,"column":4},"end":{"line":16,"column":50}},"line":12}},"f":{"0":5}}
,"C:\\Users\\casho\\Documents\\projects\\fiapBlog-frontEnd\\fiapBlog-frontEnd\\src\\components\\layout\\MainLayout.jsx": {"path":"C:\\Users\\casho\\Documents\\projects\\fiapBlog-frontEnd\\fiapBlog-frontEnd\\src\\components\\layout\\MainLayout.jsx","all":false,"statementMap":{"0":{"start":{"line":1,"column":0},"end":{"line":1,"column":26}},"1":{"start":{"line":2,"column":0},"end":{"line":2,"column":53}},"2":{"start":{"line":3,"column":0},"end":{"line":3,"column":39}},"3":{"start":{"line":4,"column":0},"end":{"line":4,"column":52}},"4":{"start":{"line":5,"column":0},"end":{"line":5,"column":52}},"5":{"start":{"line":6,"column":0},"end":{"line":6,"column":0}},"6":{"start":{"line":7,"column":0},"end":{"line":7,"column":35}},"7":{"start":{"line":8,"column":0},"end":{"line":8,"column":20}},"8":{"start":{"line":9,"column":0},"end":{"line":9,"column":16}},"9":{"start":{"line":10,"column":0},"end":{"line":10,"column":25}},"10":{"start":{"line":11,"column":0},"end":{"line":11,"column":2}},"11":{"start":{"line":12,"column":0},"end":{"line":12,"column":0}},"12":{"start":{"line":13,"column":0},"end":{"line":13,"column":29}},"13":{"start":{"line":14,"column":0},"end":{"line":14,"column":59}},"14":{"start":{"line":15,"column":0},"end":{"line":15,"column":46}},"15":{"start":{"line":16,"column":0},"end":{"line":16,"column":46}},"16":{"start":{"line":17,"column":0},"end":{"line":17,"column":2}},"17":{"start":{"line":18,"column":0},"end":{"line":18,"column":0}},"18":{"start":{"line":19,"column":0},"end":{"line":19,"column":23}},"19":{"start":{"line":20,"column":0},"end":{"line":20,"column":16}},"20":{"start":{"line":21,"column":0},"end":{"line":21,"column":33}},"21":{"start":{"line":22,"column":0},"end":{"line":22,"column":22}},"22":{"start":{"line":23,"column":0},"end":{"line":23,"column":20}},"23":{"start":{"line":24,"column":0},"end":{"line":24,"column":17}},"24":{"start":{"line":25,"column":0},"end":{"line":25,"column":48}},"25":{"start":{"line":26,"column":0},"end":{"line":26,"column":2}},"26":{"start":{"line":27,"column":0},"end":{"line":27,"column":0}},"27":{"start":{"line":28,"column":0},"end":{"line":28,"column":28}},"28":{"start":{"line":29,"column":0},"end":{"line":29,"column":16}},"29":{"start":{"line":30,"column":0},"end":{"line":30,"column":42}},"30":{"start":{"line":31,"column":0},"end":{"line":31,"column":2}},"31":{"start":{"line":32,"column":0},"end":{"line":32,"column":0}},"32":{"start":{"line":33,"column":0},"end":{"line":33,"column":32}},"33":{"start":{"line":34,"column":0},"end":{"line":34,"column":46}},"34":{"start":{"line":35,"column":0},"end":{"line":35,"column":24}},"35":{"start":{"line":36,"column":0},"end":{"line":36,"column":11}},"36":{"start":{"line":37,"column":0},"end":{"line":37,"column":31}},"37":{"start":{"line":38,"column":0},"end":{"line":38,"column":3}},"38":{"start":{"line":39,"column":0},"end":{"line":39,"column":2}},"39":{"start":{"line":40,"column":0},"end":{"line":40,"column":0}},"40":{"start":{"line":41,"column":0},"end":{"line":41,"column":25}},"41":{"start":{"line":42,"column":0},"end":{"line":42,"column":10}},"42":{"start":{"line":43,"column":0},"end":{"line":43,"column":20}},"43":{"start":{"line":44,"column":0},"end":{"line":44,"column":17}},"44":{"start":{"line":45,"column":0},"end":{"line":45,"column":46}},"45":{"start":{"line":46,"column":0},"end":{"line":46,"column":14}},"46":{"start":{"line":47,"column":0},"end":{"line":47,"column":2}},"47":{"start":{"line":48,"column":0},"end":{"line":48,"column":0}},"48":{"start":{"line":49,"column":0},"end":{"line":49,"column":29}},"49":{"start":{"line":50,"column":0},"end":{"line":50,"column":62}},"50":{"start":{"line":51,"column":0},"end":{"line":51,"column":54}},"51":{"start":{"line":52,"column":0},"end":{"line":52,"column":46}},"52":{"start":{"line":53,"column":0},"end":{"line":53,"column":21}},"53":{"start":{"line":54,"column":0},"end":{"line":54,"column":2}},"54":{"start":{"line":55,"column":0},"end":{"line":55,"column":0}},"55":{"start":{"line":56,"column":0},"end":{"line":56,"column":45}},"56":{"start":{"line":57,"column":0},"end":{"line":57,"column":70}},"57":{"start":{"line":58,"column":0},"end":{"line":58,"column":33}},"58":{"start":{"line":59,"column":0},"end":{"line":59,"column":0}},"59":{"start":{"line":60,"column":0},"end":{"line":60,"column":30}},"60":{"start":{"line":61,"column":0},"end":{"line":61,"column":13}},"61":{"start":{"line":62,"column":0},"end":{"line":62,"column":18}},"62":{"start":{"line":63,"column":0},"end":{"line":63,"column":4}},"63":{"start":{"line":64,"column":0},"end":{"line":64,"column":0}},"64":{"start":{"line":65,"column":0},"end":{"line":65,"column":10}},"65":{"start":{"line":66,"column":0},"end":{"line":66,"column":21}},"66":{"start":{"line":67,"column":0},"end":{"line":67,"column":14}},"67":{"start":{"line":68,"column":0},"end":{"line":68,"column":13}},"68":{"start":{"line":69,"column":0},"end":{"line":69,"column":29}},"69":{"start":{"line":70,"column":0},"end":{"line":70,"column":30}},"70":{"start":{"line":71,"column":0},"end":{"line":71,"column":23}},"71":{"start":{"line":72,"column":0},"end":{"line":72,"column":20}},"72":{"start":{"line":73,"column":0},"end":{"line":73,"column":32}},"73":{"start":{"line":74,"column":0},"end":{"line":74,"column":16}},"74":{"start":{"line":75,"column":0},"end":{"line":75,"column":76}},"75":{"start":{"line":76,"column":0},"end":{"line":76,"column":38}},"76":{"start":{"line":77,"column":0},"end":{"line":77,"column":20}},"77":{"start":{"line":78,"column":0},"end":{"line":78,"column":62}},"78":{"start":{"line":79,"column":0},"end":{"line":79,"column":67}},"79":{"start":{"line":80,"column":0},"end":{"line":80,"column":21}},"80":{"start":{"line":81,"column":0},"end":{"line":81,"column":18}},"81":{"start":{"line":82,"column":0},"end":{"line":82,"column":65}},"82":{"start":{"line":83,"column":0},"end":{"line":83,"column":35}},"83":{"start":{"line":84,"column":0},"end":{"line":84,"column":25}},"84":{"start":{"line":85,"column":0},"end":{"line":85,"column":17}},"85":{"start":{"line":86,"column":0},"end":{"line":86,"column":17}},"86":{"start":{"line":87,"column":0},"end":{"line":87,"column":56}},"87":{"start":{"line":88,"column":0},"end":{"line":88,"column":14}},"88":{"start":{"line":89,"column":0},"end":{"line":89,"column":21}},"89":{"start":{"line":90,"column":0},"end":{"line":90,"column":14}},"90":{"start":{"line":91,"column":0},"end":{"line":91,"column":15}},"91":{"start":{"line":92,"column":0},"end":{"line":92,"column":29}},"92":{"start":{"line":93,"column":0},"end":{"line":93,"column":14}},"93":{"start":{"line":94,"column":0},"end":{"line":94,"column":84}},"94":{"start":{"line":95,"column":0},"end":{"line":95,"column":15}},"95":{"start":{"line":96,"column":0},"end":{"line":96,"column":22}},"96":{"start":{"line":97,"column":0},"end":{"line":97,"column":4}},"97":{"start":{"line":98,"column":0},"end":{"line":98,"column":2}}},"s":{"0":1,"1":1,"2":1,"3":1,"4":1,"5":1,"6":1,"7":1,"8":1,"9":1,"10":1,"11":1,"12":1,"13":1,"14":1,"15":1,"16":1,"17":1,"18":1,"19":1,"20":1,"21":1,"22":1,"23":1,"24":1,"25":1,"26":1,"27":1,"28":1,"29":1,"30":1,"31":1,"32":1,"33":1,"34":1,"35":1,"36":1,"37":1,"38":1,"39":1,"40":1,"41":1,"42":1,"43":1,"44":1,"45":1,"46":1,"47":1,"48":1,"49":1,"50":1,"51":1,"52":1,"53":1,"54":1,"55":1,"56":2,"57":2,"58":2,"59":2,"60":0,"61":0,"62":0,"63":2,"64":2,"65":2,"66":2,"67":2,"68":2,"69":2,"70":2,"71":2,"72":2,"73":0,"74":0,"75":0,"76":0,"77":0,"78":0,"79":0,"80":0,"81":0,"82":0,"83":0,"84":0,"85":2,"86":2,"87":2,"88":2,"89":2,"90":2,"91":2,"92":2,"93":2,"94":2,"95":2,"96":2,"97":2},"branchMap":{"0":{"type":"branch","line":14,"loc":{"start":{"line":14,"column":22},"end":{"line":14,"column":57}},"locations":[{"start":{"line":14,"column":22},"end":{"line":14,"column":57}}]},"1":{"type":"branch","line":15,"loc":{"start":{"line":15,"column":11},"end":{"line":15,"column":44}},"locations":[{"start":{"line":15,"column":11},"end":{"line":15,"column":44}}]},"2":{"type":"branch","line":16,"loc":{"start":{"line":16,"column":13},"end":{"line":16,"column":44}},"locations":[{"start":{"line":16,"column":13},"end":{"line":16,"column":44}}]},"3":{"type":"branch","line":25,"loc":{"start":{"line":25,"column":15},"end":{"line":25,"column":46}},"locations":[{"start":{"line":25,"column":15},"end":{"line":25,"column":46}}]},"4":{"type":"branch","line":30,"loc":{"start":{"line":30,"column":9},"end":{"line":30,"column":40}},"locations":[{"start":{"line":30,"column":9},"end":{"line":30,"column":40}}]},"5":{"type":"branch","line":34,"loc":{"start":{"line":34,"column":11},"end":{"line":34,"column":44}},"locations":[{"start":{"line":34,"column":11},"end":{"line":34,"column":44}}]},"6":{"type":"branch","line":45,"loc":{"start":{"line":45,"column":13},"end":{"line":45,"column":44}},"locations":[{"start":{"line":45,"column":13},"end":{"line":45,"column":44}}]},"7":{"type":"branch","line":50,"loc":{"start":{"line":50,"column":22},"end":{"line":50,"column":60}},"locations":[{"start":{"line":50,"column":22},"end":{"line":50,"column":60}}]},"8":{"type":"branch","line":51,"loc":{"start":{"line":51,"column":11},"end":{"line":51,"column":52}},"locations":[{"start":{"line":51,"column":11},"end":{"line":51,"column":52}}]},"9":{"type":"branch","line":52,"loc":{"start":{"line":52,"column":13},"end":{"line":52,"column":44}},"locations":[{"start":{"line":52,"column":13},"end":{"line":52,"column":44}}]},"10":{"type":"branch","line":56,"loc":{"start":{"line":56,"column":26},"end":{"line":98,"column":2}},"locations":[{"start":{"line":56,"column":26},"end":{"line":98,"column":2}}]},"11":{"type":"branch","line":73,"loc":{"start":{"line":73,"column":13},"end":{"line":85,"column":17}},"locations":[{"start":{"line":73,"column":13},"end":{"line":85,"column":17}}]}},"b":{"0":[2],"1":[2],"2":[2],"3":[2],"4":[2],"5":[4],"6":[2],"7":[2],"8":[2],"9":[2],"10":[2],"11":[0]},"fnMap":{"0":{"name":"__vite_ssr_import_2__.default.header.theme.theme","decl":{"start":{"line":14,"column":22},"end":{"line":14,"column":57}},"loc":{"start":{"line":14,"column":22},"end":{"line":14,"column":57}},"line":14},"1":{"name":"__vite_ssr_import_2__.default.header.theme.theme","decl":{"start":{"line":15,"column":11},"end":{"line":15,"column":44}},"loc":{"start":{"line":15,"column":11},"end":{"line":15,"column":44}},"line":15},"2":{"name":"__vite_ssr_import_2__.default.footer.theme.theme","decl":{"start":{"line":50,"column":22},"end":{"line":50,"column":60}},"loc":{"start":{"line":50,"column":22},"end":{"line":50,"column":60}},"line":50},"3":{"name":"__vite_ssr_import_2__.default.footer.theme.theme","decl":{"start":{"line":51,"column":11},"end":{"line":51,"column":52}},"loc":{"start":{"line":51,"column":11},"end":{"line":51,"column":52}},"line":51},"4":{"name":"MainLayout","decl":{"start":{"line":56,"column":26},"end":{"line":98,"column":2}},"loc":{"start":{"line":56,"column":26},"end":{"line":98,"column":2}},"line":56},"5":{"name":"handleLogout","decl":{"start":{"line":60,"column":23},"end":{"line":63,"column":4}},"loc":{"start":{"line":60,"column":23},"end":{"line":63,"column":4}},"line":60}},"f":{"0":2,"1":2,"2":2,"3":2,"4":2,"5":0}}
,"C:\\Users\\casho\\Documents\\projects\\fiapBlog-frontEnd\\fiapBlog-frontEnd\\src\\context\\AuthContext.jsx": {"path":"C:\\Users\\casho\\Documents\\projects\\fiapBlog-frontEnd\\fiapBlog-frontEnd\\src\\context\\AuthContext.jsx","all":false,"statementMap":{"0":{"start":{"line":1,"column":0},"end":{"line":1,"column":78}},"1":{"start":{"line":2,"column":0},"end":{"line":2,"column":49}},"2":{"start":{"line":3,"column":0},"end":{"line":3,"column":0}},"3":{"start":{"line":4,"column":0},"end":{"line":4,"column":36}},"4":{"start":{"line":5,"column":0},"end":{"line":5,"column":0}},"5":{"start":{"line":6,"column":0},"end":{"line":6,"column":36}},"6":{"start":{"line":7,"column":0},"end":{"line":7,"column":0}},"7":{"start":{"line":8,"column":0},"end":{"line":8,"column":47}},"8":{"start":{"line":9,"column":0},"end":{"line":9,"column":46}},"9":{"start":{"line":10,"column":0},"end":{"line":10,"column":27}},"10":{"start":{"line":11,"column":0},"end":{"line":11,"column":15}},"11":{"start":{"line":12,"column":0},"end":{"line":12,"column":22}},"12":{"start":{"line":13,"column":0},"end":{"line":13,"column":19}},"13":{"start":{"line":14,"column":0},"end":{"line":14,"column":5}},"14":{"start":{"line":15,"column":0},"end":{"line":15,"column":0}},"15":{"start":{"line":16,"column":0},"end":{"line":16,"column":37}},"16":{"start":{"line":17,"column":0},"end":{"line":17,"column":19}},"17":{"start":{"line":18,"column":0},"end":{"line":18,"column":40}},"18":{"start":{"line":19,"column":0},"end":{"line":19,"column":58}},"19":{"start":{"line":20,"column":0},"end":{"line":20,"column":24}},"20":{"start":{"line":21,"column":0},"end":{"line":21,"column":13}},"21":{"start":{"line":22,"column":0},"end":{"line":22,"column":68}},"22":{"start":{"line":23,"column":0},"end":{"line":23,"column":24}},"23":{"start":{"line":24,"column":0},"end":{"line":24,"column":34}},"24":{"start":{"line":25,"column":0},"end":{"line":25,"column":17}},"25":{"start":{"line":26,"column":0},"end":{"line":26,"column":37}},"26":{"start":{"line":27,"column":0},"end":{"line":27,"column":28}},"27":{"start":{"line":28,"column":0},"end":{"line":28,"column":13}},"28":{"start":{"line":29,"column":0},"end":{"line":29,"column":25}},"29":{"start":{"line":30,"column":0},"end":{"line":30,"column":50}},"30":{"start":{"line":31,"column":0},"end":{"line":31,"column":45}},"31":{"start":{"line":32,"column":0},"end":{"line":32,"column":24}},"32":{"start":{"line":33,"column":0},"end":{"line":33,"column":35}},"33":{"start":{"line":34,"column":0},"end":{"line":34,"column":23}},"34":{"start":{"line":35,"column":0},"end":{"line":35,"column":30}},"35":{"start":{"line":36,"column":0},"end":{"line":36,"column":28}},"36":{"start":{"line":37,"column":0},"end":{"line":37,"column":13}},"37":{"start":{"line":38,"column":0},"end":{"line":38,"column":9}},"38":{"start":{"line":39,"column":0},"end":{"line":39,"column":14}},"39":{"start":{"line":40,"column":0},"end":{"line":40,"column":62}},"40":{"start":{"line":41,"column":0},"end":{"line":41,"column":7}},"41":{"start":{"line":42,"column":0},"end":{"line":42,"column":6}},"42":{"start":{"line":43,"column":0},"end":{"line":43,"column":0}},"43":{"start":{"line":44,"column":0},"end":{"line":44,"column":21}},"44":{"start":{"line":45,"column":0},"end":{"line":45,"column":9}},"45":{"start":{"line":46,"column":0},"end":{"line":46,"column":0}},"46":{"start":{"line":47,"column":0},"end":{"line":47,"column":44}},"47":{"start":{"line":48,"column":0},"end":{"line":48,"column":9}},"48":{"start":{"line":49,"column":0},"end":{"line":49,"column":71}},"49":{"start":{"line":50,"column":0},"end":{"line":50,"column":45}},"50":{"start":{"line":51,"column":0},"end":{"line":51,"column":21}},"51":{"start":{"line":52,"column":0},"end":{"line":52,"column":31}},"52":{"start":{"line":53,"column":0},"end":{"line":53,"column":14}},"53":{"start":{"line":54,"column":0},"end":{"line":54,"column":27}},"54":{"start":{"line":55,"column":0},"end":{"line":55,"column":24}},"55":{"start":{"line":56,"column":0},"end":{"line":56,"column":9}},"56":{"start":{"line":57,"column":0},"end":{"line":57,"column":18}},"57":{"start":{"line":58,"column":0},"end":{"line":58,"column":21}},"58":{"start":{"line":59,"column":0},"end":{"line":59,"column":45}},"59":{"start":{"line":60,"column":0},"end":{"line":60,"column":18}},"60":{"start":{"line":61,"column":0},"end":{"line":61,"column":5}},"61":{"start":{"line":62,"column":0},"end":{"line":62,"column":4}},"62":{"start":{"line":63,"column":0},"end":{"line":63,"column":0}},"63":{"start":{"line":64,"column":0},"end":{"line":64,"column":24}},"64":{"start":{"line":65,"column":0},"end":{"line":65,"column":39}},"65":{"start":{"line":66,"column":0},"end":{"line":66,"column":19}},"66":{"start":{"line":67,"column":0},"end":{"line":67,"column":30}},"67":{"start":{"line":68,"column":0},"end":{"line":68,"column":18}},"68":{"start":{"line":69,"column":0},"end":{"line":69,"column":24}},"69":{"start":{"line":70,"column":0},"end":{"line":70,"column":22}},"70":{"start":{"line":71,"column":0},"end":{"line":71,"column":7}},"71":{"start":{"line":72,"column":0},"end":{"line":72,"column":4}},"72":{"start":{"line":73,"column":0},"end":{"line":73,"column":0}},"73":{"start":{"line":74,"column":0},"end":{"line":74,"column":41}},"74":{"start":{"line":75,"column":0},"end":{"line":75,"column":70}},"75":{"start":{"line":76,"column":0},"end":{"line":76,"column":74}},"76":{"start":{"line":77,"column":0},"end":{"line":77,"column":70}},"77":{"start":{"line":78,"column":0},"end":{"line":78,"column":74}},"78":{"start":{"line":79,"column":0},"end":{"line":79,"column":74}},"79":{"start":{"line":80,"column":0},"end":{"line":80,"column":86}},"80":{"start":{"line":81,"column":0},"end":{"line":81,"column":0}},"81":{"start":{"line":82,"column":0},"end":{"line":82,"column":18}},"82":{"start":{"line":83,"column":0},"end":{"line":83,"column":18}},"83":{"start":{"line":84,"column":0},"end":{"line":84,"column":11}},"84":{"start":{"line":85,"column":0},"end":{"line":85,"column":11}},"85":{"start":{"line":86,"column":0},"end":{"line":86,"column":17}},"86":{"start":{"line":87,"column":0},"end":{"line":87,"column":19}},"87":{"start":{"line":88,"column":0},"end":{"line":88,"column":17}},"88":{"start":{"line":89,"column":0},"end":{"line":89,"column":19}},"89":{"start":{"line":90,"column":0},"end":{"line":90,"column":19}},"90":{"start":{"line":91,"column":0},"end":{"line":91,"column":17}},"91":{"start":{"line":92,"column":0},"end":{"line":92,"column":4}},"92":{"start":{"line":93,"column":0},"end":{"line":93,"column":0}},"93":{"start":{"line":94,"column":0},"end":{"line":94,"column":28}},"94":{"start":{"line":95,"column":0},"end":{"line":95,"column":82}},"95":{"start":{"line":96,"column":0},"end":{"line":96,"column":3}},"96":{"start":{"line":97,"column":0},"end":{"line":97,"column":0}},"97":{"start":{"line":98,"column":0},"end":{"line":98,"column":79}},"98":{"start":{"line":99,"column":0},"end":{"line":99,"column":2}},"99":{"start":{"line":100,"column":0},"end":{"line":100,"column":0}},"100":{"start":{"line":101,"column":0},"end":{"line":101,"column":53}}},"s":{"0":1,"1":1,"2":1,"3":1,"4":1,"5":1,"6":1,"7":1,"8":8,"9":8,"10":8,"11":8,"12":8,"13":8,"14":8,"15":8,"16":8,"17":4,"18":4,"19":4,"20":0,"21":0,"22":0,"23":0,"24":0,"25":0,"26":0,"27":0,"28":0,"29":0,"30":0,"31":0,"32":0,"33":0,"34":0,"35":0,"36":0,"37":0,"38":4,"39":4,"40":4,"41":4,"42":4,"43":4,"44":8,"45":8,"46":8,"47":0,"48":0,"49":0,"50":0,"51":0,"52":0,"53":0,"54":0,"55":0,"56":0,"57":0,"58":0,"59":0,"60":0,"61":0,"62":8,"63":8,"64":0,"65":0,"66":0,"67":0,"68":0,"69":0,"70":0,"71":0,"72":8,"73":8,"74":8,"75":8,"76":8,"77":8,"78":8,"79":8,"80":8,"81":8,"82":8,"83":8,"84":8,"85":8,"86":8,"87":8,"88":8,"89":8,"90":8,"91":8,"92":8,"93":8,"94":4,"95":4,"96":4,"97":4,"98":4,"99":1,"100":1},"branchMap":{"0":{"type":"branch","line":8,"loc":{"start":{"line":8,"column":28},"end":{"line":99,"column":2}},"locations":[{"start":{"line":8,"column":28},"end":{"line":99,"column":2}}]},"1":{"type":"branch","line":94,"loc":{"start":{"line":94,"column":27},"end":{"line":99,"column":2}},"locations":[{"start":{"line":94,"column":27},"end":{"line":99,"column":2}}]},"2":{"type":"branch","line":17,"loc":{"start":{"line":17,"column":12},"end":{"line":45,"column":5}},"locations":[{"start":{"line":17,"column":12},"end":{"line":45,"column":5}}]},"3":{"type":"branch","line":18,"loc":{"start":{"line":18,"column":27},"end":{"line":42,"column":6}},"locations":[{"start":{"line":18,"column":27},"end":{"line":42,"column":6}}]},"4":{"type":"branch","line":20,"loc":{"start":{"line":20,"column":23},"end":{"line":39,"column":13}},"locations":[{"start":{"line":20,"column":23},"end":{"line":39,"column":13}}]},"5":{"type":"branch","line":40,"loc":{"start":{"line":40,"column":21},"end":{"line":40,"column":60}},"locations":[{"start":{"line":40,"column":21},"end":{"line":40,"column":60}}]},"6":{"type":"branch","line":101,"loc":{"start":{"line":101,"column":23},"end":{"line":101,"column":53}},"locations":[{"start":{"line":101,"column":23},"end":{"line":101,"column":53}}]}},"b":{"0":[8],"1":[4],"2":[4],"3":[4],"4":[0],"5":[4],"6":[4]},"fnMap":{"0":{"name":"AuthProvider","decl":{"start":{"line":8,"column":28},"end":{"line":99,"column":2}},"loc":{"start":{"line":8,"column":28},"end":{"line":99,"column":2}},"line":8},"1":{"name":"loadStoredAuth","decl":{"start":{"line":18,"column":27},"end":{"line":42,"column":6}},"loc":{"start":{"line":18,"column":27},"end":{"line":42,"column":6}},"line":18},"2":{"name":"login","decl":{"start":{"line":47,"column":16},"end":{"line":62,"column":4}},"loc":{"start":{"line":47,"column":16},"end":{"line":62,"column":4}},"line":47},"3":{"name":"logout","decl":{"start":{"line":64,"column":17},"end":{"line":72,"column":4}},"loc":{"start":{"line":64,"column":17},"end":{"line":72,"column":4}},"line":64},"4":{"name":"canReadPosts","decl":{"start":{"line":75,"column":23},"end":{"line":75,"column":70}},"loc":{"start":{"line":75,"column":23},"end":{"line":75,"column":70}},"line":75},"5":{"name":"canCreatePosts","decl":{"start":{"line":76,"column":25},"end":{"line":76,"column":74}},"loc":{"start":{"line":76,"column":25},"end":{"line":76,"column":74}},"line":76},"6":{"name":"canEditPosts","decl":{"start":{"line":77,"column":23},"end":{"line":77,"column":70}},"loc":{"start":{"line":77,"column":23},"end":{"line":77,"column":70}},"line":77},"7":{"name":"canDeletePosts","decl":{"start":{"line":78,"column":25},"end":{"line":78,"column":74}},"loc":{"start":{"line":78,"column":25},"end":{"line":78,"column":74}},"line":78},"8":{"name":"canAddComments","decl":{"start":{"line":79,"column":25},"end":{"line":79,"column":74}},"loc":{"start":{"line":79,"column":25},"end":{"line":79,"column":74}},"line":79},"9":{"name":"hasPermission","decl":{"start":{"line":80,"column":24},"end":{"line":80,"column":86}},"loc":{"start":{"line":80,"column":24},"end":{"line":80,"column":86}},"line":80},"10":{"name":"useAuth","decl":{"start":{"line":101,"column":23},"end":{"line":101,"column":53}},"loc":{"start":{"line":101,"column":23},"end":{"line":101,"column":53}},"line":101}},"f":{"0":8,"1":4,"2":0,"3":0,"4":0,"5":0,"6":0,"7":0,"8":0,"9":0,"10":4}}
,"C:\\Users\\casho\\Documents\\projects\\fiapBlog-frontEnd\\fiapBlog-frontEnd\\src\\pages\\AdminPage.jsx": {"path":"C:\\Users\\casho\\Documents\\projects\\fiapBlog-frontEnd\\fiapBlog-frontEnd\\src\\pages\\AdminPage.jsx","all":false,"statementMap":{"0":{"start":{"line":1,"column":0},"end":{"line":1,"column":51}},"1":{"start":{"line":2,"column":0},"end":{"line":2,"column":47}},"2":{"start":{"line":3,"column":0},"end":{"line":3,"column":39}},"3":{"start":{"line":4,"column":0},"end":{"line":4,"column":41}},"4":{"start":{"line":5,"column":0},"end":{"line":5,"column":69}},"5":{"start":{"line":6,"column":0},"end":{"line":6,"column":0}},"6":{"start":{"line":7,"column":0},"end":{"line":7,"column":34}},"7":{"start":{"line":8,"column":0},"end":{"line":8,"column":20}},"8":{"start":{"line":9,"column":0},"end":{"line":9,"column":17}},"9":{"start":{"line":10,"column":0},"end":{"line":10,"column":2}},"10":{"start":{"line":11,"column":0},"end":{"line":11,"column":0}},"11":{"start":{"line":12,"column":0},"end":{"line":12,"column":30}},"12":{"start":{"line":13,"column":0},"end":{"line":13,"column":16}},"13":{"start":{"line":14,"column":0},"end":{"line":14,"column":33}},"14":{"start":{"line":15,"column":0},"end":{"line":15,"column":22}},"15":{"start":{"line":16,"column":0},"end":{"line":16,"column":52}},"16":{"start":{"line":17,"column":0},"end":{"line":17,"column":2}},"17":{"start":{"line":18,"column":0},"end":{"line":18,"column":0}},"18":{"start":{"line":19,"column":0},"end":{"line":19,"column":28}},"19":{"start":{"line":20,"column":0},"end":{"line":20,"column":10}},"20":{"start":{"line":21,"column":0},"end":{"line":21,"column":2}},"21":{"start":{"line":22,"column":0},"end":{"line":22,"column":0}},"22":{"start":{"line":23,"column":0},"end":{"line":23,"column":28}},"23":{"start":{"line":24,"column":0},"end":{"line":24,"column":12}},"24":{"start":{"line":25,"column":0},"end":{"line":25,"column":48}},"25":{"start":{"line":26,"column":0},"end":{"line":26,"column":2}},"26":{"start":{"line":27,"column":0},"end":{"line":27,"column":0}},"27":{"start":{"line":28,"column":0},"end":{"line":28,"column":26}},"28":{"start":{"line":29,"column":0},"end":{"line":29,"column":54}},"29":{"start":{"line":30,"column":0},"end":{"line":30,"column":47}},"30":{"start":{"line":31,"column":0},"end":{"line":31,"column":2}},"31":{"start":{"line":32,"column":0},"end":{"line":32,"column":0}},"32":{"start":{"line":33,"column":0},"end":{"line":33,"column":31}},"33":{"start":{"line":34,"column":0},"end":{"line":34,"column":16}},"34":{"start":{"line":35,"column":0},"end":{"line":35,"column":42}},"35":{"start":{"line":36,"column":0},"end":{"line":36,"column":2}},"36":{"start":{"line":37,"column":0},"end":{"line":37,"column":0}},"37":{"start":{"line":38,"column":0},"end":{"line":38,"column":25}},"38":{"start":{"line":39,"column":0},"end":{"line":39,"column":41}},"39":{"start":{"line":40,"column":0},"end":{"line":40,"column":47}},"40":{"start":{"line":41,"column":0},"end":{"line":41,"column":33}},"41":{"start":{"line":42,"column":0},"end":{"line":42,"column":0}},"42":{"start":{"line":43,"column":0},"end":{"line":43,"column":19}},"43":{"start":{"line":44,"column":0},"end":{"line":44,"column":17}},"44":{"start":{"line":45,"column":0},"end":{"line":45,"column":9}},"45":{"start":{"line":46,"column":0},"end":{"line":46,"column":0}},"46":{"start":{"line":47,"column":0},"end":{"line":47,"column":34}},"47":{"start":{"line":48,"column":0},"end":{"line":48,"column":9}},"48":{"start":{"line":49,"column":0},"end":{"line":49,"column":51}},"49":{"start":{"line":50,"column":0},"end":{"line":50,"column":21}},"50":{"start":{"line":51,"column":0},"end":{"line":51,"column":21}},"51":{"start":{"line":52,"column":0},"end":{"line":52,"column":52}},"52":{"start":{"line":53,"column":0},"end":{"line":53,"column":15}},"53":{"start":{"line":54,"column":0},"end":{"line":54,"column":24}},"54":{"start":{"line":55,"column":0},"end":{"line":55,"column":5}},"55":{"start":{"line":56,"column":0},"end":{"line":56,"column":4}},"56":{"start":{"line":57,"column":0},"end":{"line":57,"column":0}},"57":{"start":{"line":58,"column":0},"end":{"line":58,"column":38}},"58":{"start":{"line":59,"column":0},"end":{"line":59,"column":70}},"59":{"start":{"line":60,"column":0},"end":{"line":60,"column":11}},"60":{"start":{"line":61,"column":0},"end":{"line":61,"column":41}},"61":{"start":{"line":62,"column":0},"end":{"line":62,"column":27}},"62":{"start":{"line":63,"column":0},"end":{"line":63,"column":23}},"63":{"start":{"line":64,"column":0},"end":{"line":64,"column":54}},"64":{"start":{"line":65,"column":0},"end":{"line":65,"column":7}},"65":{"start":{"line":66,"column":0},"end":{"line":66,"column":5}},"66":{"start":{"line":67,"column":0},"end":{"line":67,"column":4}},"67":{"start":{"line":68,"column":0},"end":{"line":68,"column":0}},"68":{"start":{"line":69,"column":0},"end":{"line":69,"column":16}},"69":{"start":{"line":70,"column":0},"end":{"line":70,"column":36}},"70":{"start":{"line":71,"column":0},"end":{"line":71,"column":3}},"71":{"start":{"line":72,"column":0},"end":{"line":72,"column":0}},"72":{"start":{"line":73,"column":0},"end":{"line":73,"column":10}},"73":{"start":{"line":74,"column":0},"end":{"line":74,"column":20}},"74":{"start":{"line":75,"column":0},"end":{"line":75,"column":30}},"75":{"start":{"line":76,"column":0},"end":{"line":76,"column":14}},"76":{"start":{"line":77,"column":0},"end":{"line":77,"column":26}},"77":{"start":{"line":78,"column":0},"end":{"line":78,"column":43}},"78":{"start":{"line":79,"column":0},"end":{"line":79,"column":40}},"79":{"start":{"line":80,"column":0},"end":{"line":80,"column":7}},"80":{"start":{"line":81,"column":0},"end":{"line":81,"column":23}},"81":{"start":{"line":82,"column":0},"end":{"line":82,"column":15}},"82":{"start":{"line":83,"column":0},"end":{"line":83,"column":0}},"83":{"start":{"line":84,"column":0},"end":{"line":84,"column":26}},"84":{"start":{"line":85,"column":0},"end":{"line":85,"column":32}},"85":{"start":{"line":86,"column":0},"end":{"line":86,"column":20}},"86":{"start":{"line":87,"column":0},"end":{"line":87,"column":47}},"87":{"start":{"line":88,"column":0},"end":{"line":88,"column":50}},"88":{"start":{"line":89,"column":0},"end":{"line":89,"column":21}},"89":{"start":{"line":90,"column":0},"end":{"line":90,"column":23}},"90":{"start":{"line":91,"column":0},"end":{"line":91,"column":19}},"91":{"start":{"line":92,"column":0},"end":{"line":92,"column":31}},"92":{"start":{"line":93,"column":0},"end":{"line":93,"column":58}},"93":{"start":{"line":94,"column":0},"end":{"line":94,"column":13}},"94":{"start":{"line":95,"column":0},"end":{"line":95,"column":20}},"95":{"start":{"line":96,"column":0},"end":{"line":96,"column":21}},"96":{"start":{"line":97,"column":0},"end":{"line":97,"column":19}},"97":{"start":{"line":98,"column":0},"end":{"line":98,"column":30}},"98":{"start":{"line":99,"column":0},"end":{"line":99,"column":51}},"99":{"start":{"line":100,"column":0},"end":{"line":100,"column":13}},"100":{"start":{"line":101,"column":0},"end":{"line":101,"column":21}},"101":{"start":{"line":102,"column":0},"end":{"line":102,"column":21}},"102":{"start":{"line":103,"column":0},"end":{"line":103,"column":24}},"103":{"start":{"line":104,"column":0},"end":{"line":104,"column":19}},"104":{"start":{"line":105,"column":0},"end":{"line":105,"column":9}},"105":{"start":{"line":106,"column":0},"end":{"line":106,"column":21}},"106":{"start":{"line":107,"column":0},"end":{"line":107,"column":4}},"107":{"start":{"line":108,"column":0},"end":{"line":108,"column":2}},"108":{"start":{"line":109,"column":0},"end":{"line":109,"column":0}},"109":{"start":{"line":110,"column":0},"end":{"line":110,"column":25}}},"s":{"0":1,"1":1,"2":1,"3":1,"4":1,"5":1,"6":1,"7":1,"8":1,"9":1,"10":1,"11":1,"12":1,"13":1,"14":1,"15":1,"16":1,"17":1,"18":1,"19":1,"20":1,"21":1,"22":1,"23":1,"24":1,"25":1,"26":1,"27":1,"28":1,"29":1,"30":1,"31":1,"32":1,"33":1,"34":1,"35":1,"36":1,"37":1,"38":0,"39":0,"40":0,"41":0,"42":0,"43":0,"44":0,"45":0,"46":0,"47":0,"48":0,"49":0,"50":0,"51":0,"52":0,"53":0,"54":0,"55":0,"56":0,"57":0,"58":0,"59":0,"60":0,"61":0,"62":0,"63":0,"64":0,"65":0,"66":0,"67":0,"68":0,"69":0,"70":0,"71":0,"72":0,"73":0,"74":0,"75":0,"76":0,"77":0,"78":0,"79":0,"80":0,"81":0,"82":0,"83":0,"84":0,"85":0,"86":0,"87":0,"88":0,"89":0,"90":0,"91":0,"92":0,"93":0,"94":0,"95":0,"96":0,"97":0,"98":0,"99":0,"100":0,"101":0,"102":0,"103":0,"104":0,"105":0,"106":0,"107":0,"108":1,"109":1},"branchMap":{},"b":{},"fnMap":{"0":{"name":"__vite_ssr_import_2__.default.p.theme.theme","decl":{"start":{"line":29,"column":11},"end":{"line":29,"column":52}},"loc":{"start":{"line":29,"column":11},"end":{"line":29,"column":52}},"line":29},"1":{"name":"AdminPage","decl":{"start":{"line":38,"column":18},"end":{"line":108,"column":2}},"loc":{"start":{"line":38,"column":18},"end":{"line":108,"column":2}},"line":38}},"f":{"0":0,"1":0}}
,"C:\\Users\\casho\\Documents\\projects\\fiapBlog-frontEnd\\fiapBlog-frontEnd\\src\\pages\\CreatePostPage.jsx": {"path":"C:\\Users\\casho\\Documents\\projects\\fiapBlog-frontEnd\\fiapBlog-frontEnd\\src\\pages\\CreatePostPage.jsx","all":false,"statementMap":{"0":{"start":{"line":1,"column":0},"end":{"line":1,"column":40}},"1":{"start":{"line":2,"column":0},"end":{"line":2,"column":47}},"2":{"start":{"line":3,"column":0},"end":{"line":3,"column":39}},"3":{"start":{"line":4,"column":0},"end":{"line":4,"column":41}},"4":{"start":{"line":5,"column":0},"end":{"line":5,"column":86}},"5":{"start":{"line":6,"column":0},"end":{"line":6,"column":0}},"6":{"start":{"line":7,"column":0},"end":{"line":7,"column":35}},"7":{"start":{"line":8,"column":0},"end":{"line":8,"column":19}},"8":{"start":{"line":9,"column":0},"end":{"line":9,"column":17}},"9":{"start":{"line":10,"column":0},"end":{"line":10,"column":2}},"10":{"start":{"line":11,"column":0},"end":{"line":11,"column":0}},"11":{"start":{"line":12,"column":0},"end":{"line":12,"column":25}},"12":{"start":{"line":13,"column":0},"end":{"line":13,"column":16}},"13":{"start":{"line":14,"column":0},"end":{"line":14,"column":25}},"14":{"start":{"line":15,"column":0},"end":{"line":15,"column":42}},"15":{"start":{"line":16,"column":0},"end":{"line":16,"column":2}},"16":{"start":{"line":17,"column":0},"end":{"line":17,"column":0}},"17":{"start":{"line":18,"column":0},"end":{"line":18,"column":30}},"18":{"start":{"line":19,"column":0},"end":{"line":19,"column":47}},"19":{"start":{"line":20,"column":0},"end":{"line":20,"column":47}},"20":{"start":{"line":21,"column":0},"end":{"line":21,"column":2}},"21":{"start":{"line":22,"column":0},"end":{"line":22,"column":0}},"22":{"start":{"line":23,"column":0},"end":{"line":23,"column":30}},"23":{"start":{"line":24,"column":0},"end":{"line":24,"column":75}},"24":{"start":{"line":25,"column":0},"end":{"line":25,"column":41}},"25":{"start":{"line":26,"column":0},"end":{"line":26,"column":48}},"26":{"start":{"line":27,"column":0},"end":{"line":27,"column":33}},"27":{"start":{"line":28,"column":0},"end":{"line":28,"column":0}},"28":{"start":{"line":29,"column":0},"end":{"line":29,"column":37}},"29":{"start":{"line":30,"column":0},"end":{"line":30,"column":23}},"30":{"start":{"line":31,"column":0},"end":{"line":31,"column":17}},"31":{"start":{"line":32,"column":0},"end":{"line":32,"column":21}},"32":{"start":{"line":33,"column":0},"end":{"line":33,"column":0}},"33":{"start":{"line":34,"column":0},"end":{"line":34,"column":9}},"34":{"start":{"line":35,"column":0},"end":{"line":35,"column":41}},"35":{"start":{"line":36,"column":0},"end":{"line":36,"column":20}},"36":{"start":{"line":37,"column":0},"end":{"line":37,"column":21}},"37":{"start":{"line":38,"column":0},"end":{"line":38,"column":66}},"38":{"start":{"line":39,"column":0},"end":{"line":39,"column":50}},"39":{"start":{"line":40,"column":0},"end":{"line":40,"column":15}},"40":{"start":{"line":41,"column":0},"end":{"line":41,"column":24}},"41":{"start":{"line":42,"column":0},"end":{"line":42,"column":5}},"42":{"start":{"line":43,"column":0},"end":{"line":43,"column":4}},"43":{"start":{"line":44,"column":0},"end":{"line":44,"column":0}},"44":{"start":{"line":45,"column":0},"end":{"line":45,"column":31}},"45":{"start":{"line":46,"column":0},"end":{"line":46,"column":37}},"46":{"start":{"line":47,"column":0},"end":{"line":47,"column":50}},"47":{"start":{"line":48,"column":0},"end":{"line":48,"column":4}},"48":{"start":{"line":49,"column":0},"end":{"line":49,"column":0}},"49":{"start":{"line":50,"column":0},"end":{"line":50,"column":10}},"50":{"start":{"line":51,"column":0},"end":{"line":51,"column":19}},"51":{"start":{"line":52,"column":0},"end":{"line":52,"column":30}},"52":{"start":{"line":53,"column":0},"end":{"line":53,"column":36}},"53":{"start":{"line":54,"column":0},"end":{"line":54,"column":14}},"54":{"start":{"line":55,"column":0},"end":{"line":55,"column":21}},"55":{"start":{"line":56,"column":0},"end":{"line":56,"column":22}},"56":{"start":{"line":57,"column":0},"end":{"line":57,"column":30}},"57":{"start":{"line":58,"column":0},"end":{"line":58,"column":28}},"58":{"start":{"line":59,"column":0},"end":{"line":59,"column":33}},"59":{"start":{"line":60,"column":0},"end":{"line":60,"column":18}},"60":{"start":{"line":61,"column":0},"end":{"line":61,"column":10}},"61":{"start":{"line":62,"column":0},"end":{"line":62,"column":14}},"62":{"start":{"line":63,"column":0},"end":{"line":63,"column":21}},"63":{"start":{"line":64,"column":0},"end":{"line":64,"column":23}},"64":{"start":{"line":65,"column":0},"end":{"line":65,"column":29}},"65":{"start":{"line":66,"column":0},"end":{"line":66,"column":29}},"66":{"start":{"line":67,"column":0},"end":{"line":67,"column":33}},"67":{"start":{"line":68,"column":0},"end":{"line":68,"column":18}},"68":{"start":{"line":69,"column":0},"end":{"line":69,"column":10}},"69":{"start":{"line":70,"column":0},"end":{"line":70,"column":17}},"70":{"start":{"line":71,"column":0},"end":{"line":71,"column":24}},"71":{"start":{"line":72,"column":0},"end":{"line":72,"column":40}},"72":{"start":{"line":73,"column":0},"end":{"line":73,"column":30}},"73":{"start":{"line":74,"column":0},"end":{"line":74,"column":33}},"74":{"start":{"line":75,"column":0},"end":{"line":75,"column":18}},"75":{"start":{"line":76,"column":0},"end":{"line":76,"column":10}},"76":{"start":{"line":77,"column":0},"end":{"line":77,"column":55}},"77":{"start":{"line":78,"column":0},"end":{"line":78,"column":16}},"78":{"start":{"line":79,"column":0},"end":{"line":79,"column":24}},"79":{"start":{"line":80,"column":0},"end":{"line":80,"column":27}},"80":{"start":{"line":81,"column":0},"end":{"line":81,"column":28}},"81":{"start":{"line":82,"column":0},"end":{"line":82,"column":9}},"82":{"start":{"line":83,"column":0},"end":{"line":83,"column":49}},"83":{"start":{"line":84,"column":0},"end":{"line":84,"column":17}},"84":{"start":{"line":85,"column":0},"end":{"line":85,"column":13}},"85":{"start":{"line":86,"column":0},"end":{"line":86,"column":20}},"86":{"start":{"line":87,"column":0},"end":{"line":87,"column":4}},"87":{"start":{"line":88,"column":0},"end":{"line":88,"column":2}},"88":{"start":{"line":89,"column":0},"end":{"line":89,"column":0}},"89":{"start":{"line":90,"column":0},"end":{"line":90,"column":30}}},"s":{"0":1,"1":1,"2":1,"3":1,"4":1,"5":1,"6":1,"7":1,"8":1,"9":1,"10":1,"11":1,"12":1,"13":1,"14":1,"15":1,"16":1,"17":1,"18":1,"19":1,"20":1,"21":1,"22":1,"23":0,"24":0,"25":0,"26":0,"27":0,"28":0,"29":0,"30":0,"31":0,"32":0,"33":0,"34":0,"35":0,"36":0,"37":0,"38":0,"39":0,"40":0,"41":0,"42":0,"43":0,"44":0,"45":0,"46":0,"47":0,"48":0,"49":0,"50":0,"51":0,"52":0,"53":0,"54":0,"55":0,"56":0,"57":0,"58":0,"59":0,"60":0,"61":0,"62":0,"63":0,"64":0,"65":0,"66":0,"67":0,"68":0,"69":0,"70":0,"71":0,"72":0,"73":0,"74":0,"75":0,"76":0,"77":0,"78":0,"79":0,"80":0,"81":0,"82":0,"83":0,"84":0,"85":0,"86":0,"87":0,"88":1,"89":1},"branchMap":{},"b":{},"fnMap":{"0":{"name":"__vite_ssr_import_2__.default.p.theme.theme","decl":{"start":{"line":19,"column":11},"end":{"line":19,"column":45}},"loc":{"start":{"line":19,"column":11},"end":{"line":19,"column":45}},"line":19},"1":{"name":"CreatePostPage","decl":{"start":{"line":23,"column":23},"end":{"line":88,"column":2}},"loc":{"start":{"line":23,"column":23},"end":{"line":88,"column":2}},"line":23}},"f":{"0":0,"1":0}}
,"C:\\Users\\casho\\Documents\\projects\\fiapBlog-frontEnd\\fiapBlog-frontEnd\\src\\pages\\EditPostPage.jsx": {"path":"C:\\Users\\casho\\Documents\\projects\\fiapBlog-frontEnd\\fiapBlog-frontEnd\\src\\pages\\EditPostPage.jsx","all":false,"statementMap":{"0":{"start":{"line":1,"column":0},"end":{"line":1,"column":51}},"1":{"start":{"line":2,"column":0},"end":{"line":2,"column":58}},"2":{"start":{"line":3,"column":0},"end":{"line":3,"column":39}},"3":{"start":{"line":4,"column":0},"end":{"line":4,"column":41}},"4":{"start":{"line":5,"column":0},"end":{"line":5,"column":86}},"5":{"start":{"line":6,"column":0},"end":{"line":6,"column":0}},"6":{"start":{"line":7,"column":0},"end":{"line":7,"column":35}},"7":{"start":{"line":8,"column":0},"end":{"line":8,"column":19}},"8":{"start":{"line":9,"column":0},"end":{"line":9,"column":17}},"9":{"start":{"line":10,"column":0},"end":{"line":10,"column":2}},"10":{"start":{"line":11,"column":0},"end":{"line":11,"column":0}},"11":{"start":{"line":12,"column":0},"end":{"line":12,"column":25}},"12":{"start":{"line":13,"column":0},"end":{"line":13,"column":16}},"13":{"start":{"line":14,"column":0},"end":{"line":14,"column":25}},"14":{"start":{"line":15,"column":0},"end":{"line":15,"column":42}},"15":{"start":{"line":16,"column":0},"end":{"line":16,"column":2}},"16":{"start":{"line":17,"column":0},"end":{"line":17,"column":0}},"17":{"start":{"line":18,"column":0},"end":{"line":18,"column":30}},"18":{"start":{"line":19,"column":0},"end":{"line":19,"column":47}},"19":{"start":{"line":20,"column":0},"end":{"line":20,"column":47}},"20":{"start":{"line":21,"column":0},"end":{"line":21,"column":2}},"21":{"start":{"line":22,"column":0},"end":{"line":22,"column":0}},"22":{"start":{"line":23,"column":0},"end":{"line":23,"column":31}},"23":{"start":{"line":24,"column":0},"end":{"line":24,"column":16}},"24":{"start":{"line":25,"column":0},"end":{"line":25,"column":42}},"25":{"start":{"line":26,"column":0},"end":{"line":26,"column":28}},"26":{"start":{"line":27,"column":0},"end":{"line":27,"column":2}},"27":{"start":{"line":28,"column":0},"end":{"line":28,"column":0}},"28":{"start":{"line":29,"column":0},"end":{"line":29,"column":28}},"29":{"start":{"line":30,"column":0},"end":{"line":30,"column":29}},"30":{"start":{"line":31,"column":0},"end":{"line":31,"column":33}},"31":{"start":{"line":32,"column":0},"end":{"line":32,"column":75}},"32":{"start":{"line":33,"column":0},"end":{"line":33,"column":41}},"33":{"start":{"line":34,"column":0},"end":{"line":34,"column":47}},"34":{"start":{"line":35,"column":0},"end":{"line":35,"column":0}},"35":{"start":{"line":36,"column":0},"end":{"line":36,"column":19}},"36":{"start":{"line":37,"column":0},"end":{"line":37,"column":16}},"37":{"start":{"line":38,"column":0},"end":{"line":38,"column":11}},"38":{"start":{"line":39,"column":0},"end":{"line":39,"column":0}},"39":{"start":{"line":40,"column":0},"end":{"line":40,"column":33}},"40":{"start":{"line":41,"column":0},"end":{"line":41,"column":9}},"41":{"start":{"line":42,"column":0},"end":{"line":42,"column":53}},"42":{"start":{"line":43,"column":0},"end":{"line":43,"column":20}},"43":{"start":{"line":44,"column":0},"end":{"line":44,"column":21}},"44":{"start":{"line":45,"column":0},"end":{"line":45,"column":69}},"45":{"start":{"line":46,"column":0},"end":{"line":46,"column":53}},"46":{"start":{"line":47,"column":0},"end":{"line":47,"column":15}},"47":{"start":{"line":48,"column":0},"end":{"line":48,"column":24}},"48":{"start":{"line":49,"column":0},"end":{"line":49,"column":5}},"49":{"start":{"line":50,"column":0},"end":{"line":50,"column":4}},"50":{"start":{"line":51,"column":0},"end":{"line":51,"column":0}},"51":{"start":{"line":52,"column":0},"end":{"line":52,"column":37}},"52":{"start":{"line":53,"column":0},"end":{"line":53,"column":23}},"53":{"start":{"line":54,"column":0},"end":{"line":54,"column":17}},"54":{"start":{"line":55,"column":0},"end":{"line":55,"column":21}},"55":{"start":{"line":56,"column":0},"end":{"line":56,"column":0}},"56":{"start":{"line":57,"column":0},"end":{"line":57,"column":9}},"57":{"start":{"line":58,"column":0},"end":{"line":58,"column":45}},"58":{"start":{"line":59,"column":0},"end":{"line":59,"column":30}},"59":{"start":{"line":60,"column":0},"end":{"line":60,"column":21}},"60":{"start":{"line":61,"column":0},"end":{"line":61,"column":70}},"61":{"start":{"line":62,"column":0},"end":{"line":62,"column":54}},"62":{"start":{"line":63,"column":0},"end":{"line":63,"column":15}},"63":{"start":{"line":64,"column":0},"end":{"line":64,"column":24}},"64":{"start":{"line":65,"column":0},"end":{"line":65,"column":5}},"65":{"start":{"line":66,"column":0},"end":{"line":66,"column":4}},"66":{"start":{"line":67,"column":0},"end":{"line":67,"column":0}},"67":{"start":{"line":68,"column":0},"end":{"line":68,"column":36}},"68":{"start":{"line":69,"column":0},"end":{"line":69,"column":70}},"69":{"start":{"line":70,"column":0},"end":{"line":70,"column":11}},"70":{"start":{"line":71,"column":0},"end":{"line":71,"column":41}},"71":{"start":{"line":72,"column":0},"end":{"line":72,"column":22}},"72":{"start":{"line":73,"column":0},"end":{"line":73,"column":23}},"73":{"start":{"line":74,"column":0},"end":{"line":74,"column":70}},"74":{"start":{"line":75,"column":0},"end":{"line":75,"column":54}},"75":{"start":{"line":76,"column":0},"end":{"line":76,"column":7}},"76":{"start":{"line":77,"column":0},"end":{"line":77,"column":5}},"77":{"start":{"line":78,"column":0},"end":{"line":78,"column":4}},"78":{"start":{"line":79,"column":0},"end":{"line":79,"column":0}},"79":{"start":{"line":80,"column":0},"end":{"line":80,"column":31}},"80":{"start":{"line":81,"column":0},"end":{"line":81,"column":37}},"81":{"start":{"line":82,"column":0},"end":{"line":82,"column":50}},"82":{"start":{"line":83,"column":0},"end":{"line":83,"column":4}},"83":{"start":{"line":84,"column":0},"end":{"line":84,"column":0}},"84":{"start":{"line":85,"column":0},"end":{"line":85,"column":16}},"85":{"start":{"line":86,"column":0},"end":{"line":86,"column":36}},"86":{"start":{"line":87,"column":0},"end":{"line":87,"column":3}},"87":{"start":{"line":88,"column":0},"end":{"line":88,"column":0}},"88":{"start":{"line":89,"column":0},"end":{"line":89,"column":10}},"89":{"start":{"line":90,"column":0},"end":{"line":90,"column":19}},"90":{"start":{"line":91,"column":0},"end":{"line":91,"column":26}},"91":{"start":{"line":92,"column":0},"end":{"line":92,"column":36}},"92":{"start":{"line":93,"column":0},"end":{"line":93,"column":14}},"93":{"start":{"line":94,"column":0},"end":{"line":94,"column":21}},"94":{"start":{"line":95,"column":0},"end":{"line":95,"column":22}},"95":{"start":{"line":96,"column":0},"end":{"line":96,"column":30}},"96":{"start":{"line":97,"column":0},"end":{"line":97,"column":28}},"97":{"start":{"line":98,"column":0},"end":{"line":98,"column":33}},"98":{"start":{"line":99,"column":0},"end":{"line":99,"column":18}},"99":{"start":{"line":100,"column":0},"end":{"line":100,"column":10}},"100":{"start":{"line":101,"column":0},"end":{"line":101,"column":14}},"101":{"start":{"line":102,"column":0},"end":{"line":102,"column":21}},"102":{"start":{"line":103,"column":0},"end":{"line":103,"column":23}},"103":{"start":{"line":104,"column":0},"end":{"line":104,"column":29}},"104":{"start":{"line":105,"column":0},"end":{"line":105,"column":29}},"105":{"start":{"line":106,"column":0},"end":{"line":106,"column":33}},"106":{"start":{"line":107,"column":0},"end":{"line":107,"column":18}},"107":{"start":{"line":108,"column":0},"end":{"line":108,"column":10}},"108":{"start":{"line":109,"column":0},"end":{"line":109,"column":17}},"109":{"start":{"line":110,"column":0},"end":{"line":110,"column":24}},"110":{"start":{"line":111,"column":0},"end":{"line":111,"column":40}},"111":{"start":{"line":112,"column":0},"end":{"line":112,"column":30}},"112":{"start":{"line":113,"column":0},"end":{"line":113,"column":33}},"113":{"start":{"line":114,"column":0},"end":{"line":114,"column":18}},"114":{"start":{"line":115,"column":0},"end":{"line":115,"column":10}},"115":{"start":{"line":116,"column":0},"end":{"lin
[...]
":37,"column":0},"end":{"line":37,"column":8}},"37":{"start":{"line":38,"column":0},"end":{"line":38,"column":12}},"38":{"start":{"line":39,"column":0},"end":{"line":39,"column":24}},"39":{"start":{"line":40,"column":0},"end":{"line":40,"column":17}},"40":{"start":{"line":41,"column":0},"end":{"line":41,"column":26}},"41":{"start":{"line":42,"column":0},"end":{"line":42,"column":28}},"42":{"start":{"line":43,"column":0},"end":{"line":43,"column":27}},"43":{"start":{"line":44,"column":0},"end":{"line":44,"column":9}},"44":{"start":{"line":45,"column":0},"end":{"line":45,"column":8}},"45":{"start":{"line":46,"column":0},"end":{"line":46,"column":12}},"46":{"start":{"line":47,"column":0},"end":{"line":47,"column":21}},"47":{"start":{"line":48,"column":0},"end":{"line":48,"column":17}},"48":{"start":{"line":49,"column":0},"end":{"line":49,"column":26}},"49":{"start":{"line":50,"column":0},"end":{"line":50,"column":25}},"50":{"start":{"line":51,"column":0},"end":{"line":51,"column":27}},"51":{"start":{"line":52,"column":0},"end":{"line":52,"column":9}},"52":{"start":{"line":53,"column":0},"end":{"line":53,"column":8}},"53":{"start":{"line":54,"column":0},"end":{"line":54,"column":13}},"54":{"start":{"line":55,"column":0},"end":{"line":55,"column":4}},"55":{"start":{"line":56,"column":0},"end":{"line":56,"column":2}}},"s":{"0":1,"1":1,"2":1,"3":1,"4":1,"5":1,"6":1,"7":1,"8":1,"9":1,"10":1,"11":0,"12":0,"13":0,"14":1,"15":1,"16":0,"17":0,"18":0,"19":0,"20":0,"21":0,"22":1,"23":1,"24":2,"25":2,"26":2,"27":2,"28":2,"29":2,"30":2,"31":2,"32":2,"33":2,"34":2,"35":2,"36":2,"37":2,"38":2,"39":2,"40":2,"41":2,"42":2,"43":2,"44":2,"45":2,"46":2,"47":2,"48":2,"49":2,"50":2,"51":2,"52":2,"53":2,"54":2,"55":2},"branchMap":{"0":{"type":"branch","line":24,"loc":{"start":{"line":24,"column":25},"end":{"line":56,"column":2}},"locations":[{"start":{"line":24,"column":25},"end":{"line":56,"column":2}}]}},"b":{"0":[2]},"fnMap":{"0":{"name":"_PrivateRoute","decl":{"start":{"line":11,"column":22},"end":{"line":14,"column":2}},"loc":{"start":{"line":11,"column":22},"end":{"line":14,"column":2}},"line":11},"1":{"name":"ProfessorRoute","decl":{"start":{"line":16,"column":23},"end":{"line":22,"column":2}},"loc":{"start":{"line":16,"column":23},"end":{"line":22,"column":2}},"line":16},"2":{"name":"AppRouter","decl":{"start":{"line":24,"column":25},"end":{"line":56,"column":2}},"loc":{"start":{"line":24,"column":25},"end":{"line":56,"column":2}},"line":24}},"f":{"0":0,"1":0,"2":2}}
,"C:\\Users\\casho\\Documents\\projects\\fiapBlog-frontEnd\\fiapBlog-frontEnd\\src\\styles\\GlobalStyles.jsx": {"path":"C:\\Users\\casho\\Documents\\projects\\fiapBlog-frontEnd\\fiapBlog-frontEnd\\src\\styles\\GlobalStyles.jsx","all":false,"statementMap":{"0":{"start":{"line":1,"column":0},"end":{"line":1,"column":54}},"1":{"start":{"line":2,"column":0},"end":{"line":2,"column":0}},"2":{"start":{"line":3,"column":0},"end":{"line":3,"column":46}},"3":{"start":{"line":4,"column":0},"end":{"line":4,"column":94}},"4":{"start":{"line":5,"column":0},"end":{"line":5,"column":2}},"5":{"start":{"line":6,"column":0},"end":{"line":6,"column":27}},"6":{"start":{"line":7,"column":0},"end":{"line":7,"column":27}},"7":{"start":{"line":8,"column":0},"end":{"line":8,"column":3}},"8":{"start":{"line":9,"column":0},"end":{"line":9,"column":2}},"9":{"start":{"line":10,"column":0},"end":{"line":10,"column":8}},"10":{"start":{"line":11,"column":0},"end":{"line":11,"column":14}},"11":{"start":{"line":12,"column":0},"end":{"line":12,"column":52}},"12":{"start":{"line":13,"column":0},"end":{"line":13,"column":64}},"13":{"start":{"line":14,"column":0},"end":{"line":14,"column":47}},"14":{"start":{"line":15,"column":0},"end":{"line":15,"column":40}},"15":{"start":{"line":16,"column":0},"end":{"line":16,"column":39}},"16":{"start":{"line":17,"column":0},"end":{"line":17,"column":3}},"17":{"start":{"line":18,"column":0},"end":{"line":18,"column":0}},"18":{"start":{"line":19,"column":0},"end":{"line":19,"column":5}},"19":{"start":{"line":20,"column":0},"end":{"line":20,"column":26}},"20":{"start":{"line":21,"column":0},"end":{"line":21,"column":19}},"21":{"start":{"line":22,"column":0},"end":{"line":22,"column":3}},"22":{"start":{"line":23,"column":0},"end":{"line":23,"column":0}},"23":{"start":{"line":24,"column":0},"end":{"line":24,"column":10}},"24":{"start":{"line":25,"column":0},"end":{"line":25,"column":20}},"25":{"start":{"line":26,"column":0},"end":{"line":26,"column":3}},"26":{"start":{"line":27,"column":0},"end":{"line":27,"column":2}}},"s":{"0":1,"1":1,"2":1,"3":1,"4":1,"5":1,"6":1,"7":1,"8":1,"9":1,"10":1,"11":1,"12":1,"13":1,"14":1,"15":1,"16":1,"17":1,"18":1,"19":1,"20":1,"21":1,"22":1,"23":1,"24":1,"25":1,"26":1},"branchMap":{},"b":{},"fnMap":{"0":{"name":"__vite_ssr_import_0__.createGlobalStyle.theme.theme","decl":{"start":{"line":12,"column":19},"end":{"line":12,"column":50}},"loc":{"start":{"line":12,"column":19},"end":{"line":12,"column":50}},"line":12},"1":{"name":"__vite_ssr_import_0__.createGlobalStyle.theme.theme","decl":{"start":{"line":13,"column":24},"end":{"line":13,"column":62}},"loc":{"start":{"line":13,"column":24},"end":{"line":13,"column":62}},"line":13}},"f":{"0":0,"1":0}}
,"C:\\Users\\casho\\Documents\\projects\\fiapBlog-frontEnd\\fiapBlog-frontEnd\\src\\styles\\ThemeProvider.jsx": {"path":"C:\\Users\\casho\\Documents\\projects\\fiapBlog-frontEnd\\fiapBlog-frontEnd\\src\\styles\\ThemeProvider.jsx","all":false,"statementMap":{"0":{"start":{"line":1,"column":0},"end":{"line":1,"column":26}},"1":{"start":{"line":2,"column":0},"end":{"line":2,"column":50}},"2":{"start":{"line":3,"column":0},"end":{"line":3,"column":0}},"3":{"start":{"line":4,"column":0},"end":{"line":4,"column":22}},"4":{"start":{"line":5,"column":0},"end":{"line":5,"column":11}},"5":{"start":{"line":6,"column":0},"end":{"line":6,"column":23}},"6":{"start":{"line":7,"column":0},"end":{"line":7,"column":26}},"7":{"start":{"line":8,"column":0},"end":{"line":8,"column":22}},"8":{"start":{"line":9,"column":0},"end":{"line":9,"column":20}},"9":{"start":{"line":10,"column":0},"end":{"line":10,"column":29}},"10":{"start":{"line":11,"column":0},"end":{"line":11,"column":21}},"11":{"start":{"line":12,"column":0},"end":{"line":12,"column":22}},"12":{"start":{"line":13,"column":0},"end":{"line":13,"column":23}},"13":{"start":{"line":14,"column":0},"end":{"line":14,"column":22}},"14":{"start":{"line":15,"column":0},"end":{"line":15,"column":4}},"15":{"start":{"line":16,"column":0},"end":{"line":16,"column":10}},"16":{"start":{"line":17,"column":0},"end":{"line":17,"column":30}},"17":{"start":{"line":18,"column":0},"end":{"line":18,"column":4}},"18":{"start":{"line":19,"column":0},"end":{"line":19,"column":12}},"19":{"start":{"line":20,"column":0},"end":{"line":20,"column":14}},"20":{"start":{"line":21,"column":0},"end":{"line":21,"column":15}},"21":{"start":{"line":22,"column":0},"end":{"line":22,"column":15}},"22":{"start":{"line":23,"column":0},"end":{"line":23,"column":15}},"23":{"start":{"line":24,"column":0},"end":{"line":24,"column":4}},"24":{"start":{"line":25,"column":0},"end":{"line":25,"column":22}},"25":{"start":{"line":26,"column":0},"end":{"line":26,"column":43}},"26":{"start":{"line":27,"column":0},"end":{"line":27,"column":2}},"27":{"start":{"line":28,"column":0},"end":{"line":28,"column":0}},"28":{"start":{"line":29,"column":0},"end":{"line":29,"column":55}},"29":{"start":{"line":30,"column":0},"end":{"line":30,"column":57}},"30":{"start":{"line":31,"column":0},"end":{"line":31,"column":2}}},"s":{"0":1,"1":1,"2":1,"3":1,"4":1,"5":1,"6":1,"7":1,"8":1,"9":1,"10":1,"11":1,"12":1,"13":1,"14":1,"15":1,"16":1,"17":1,"18":1,"19":1,"20":1,"21":1,"22":1,"23":1,"24":1,"25":1,"26":1,"27":1,"28":1,"29":12,"30":1},"branchMap":{"0":{"type":"branch","line":29,"loc":{"start":{"line":29,"column":36},"end":{"line":30,"column":57}},"locations":[{"start":{"line":29,"column":36},"end":{"line":30,"column":57}}]}},"b":{"0":[12]},"fnMap":{"0":{"name":"ThemeProviderWrapper","decl":{"start":{"line":29,"column":36},"end":{"line":30,"column":57}},"loc":{"start":{"line":29,"column":36},"end":{"line":30,"column":57}},"line":29}},"f":{"0":12}}
,"C:\\Users\\casho\\Documents\\projects\\fiapBlog-frontEnd\\fiapBlog-frontEnd\\src\\styles\\theme.js": {"path":"C:\\Users\\casho\\Documents\\projects\\fiapBlog-frontEnd\\fiapBlog-frontEnd\\src\\styles\\theme.js","all":false,"statementMap":{"0":{"start":{"line":1,"column":0},"end":{"line":1,"column":22}},"1":{"start":{"line":2,"column":0},"end":{"line":2,"column":11}},"2":{"start":{"line":3,"column":0},"end":{"line":3,"column":23}},"3":{"start":{"line":4,"column":0},"end":{"line":4,"column":26}},"4":{"start":{"line":5,"column":0},"end":{"line":5,"column":22}},"5":{"start":{"line":6,"column":0},"end":{"line":6,"column":20}},"6":{"start":{"line":7,"column":0},"end":{"line":7,"column":29}},"7":{"start":{"line":8,"column":0},"end":{"line":8,"column":21}},"8":{"start":{"line":9,"column":0},"end":{"line":9,"column":22}},"9":{"start":{"line":10,"column":0},"end":{"line":10,"column":23}},"10":{"start":{"line":11,"column":0},"end":{"line":11,"column":22}},"11":{"start":{"line":12,"column":0},"end":{"line":12,"column":4}},"12":{"start":{"line":13,"column":0},"end":{"line":13,"column":10}},"13":{"start":{"line":14,"column":0},"end":{"line":14,"column":30}},"14":{"start":{"line":15,"column":0},"end":{"line":15,"column":4}},"15":{"start":{"line":16,"column":0},"end":{"line":16,"column":12}},"16":{"start":{"line":17,"column":0},"end":{"line":17,"column":14}},"17":{"start":{"line":18,"column":0},"end":{"line":18,"column":15}},"18":{"start":{"line":19,"column":0},"end":{"line":19,"column":15}},"19":{"start":{"line":20,"column":0},"end":{"line":20,"column":15}},"20":{"start":{"line":21,"column":0},"end":{"line":21,"column":4}},"21":{"start":{"line":22,"column":0},"end":{"line":22,"column":22}},"22":{"start":{"line":23,"column":0},"end":{"line":23,"column":43}},"23":{"start":{"line":24,"column":0},"end":{"line":24,"column":2}}},"s":{"0":1,"1":1,"2":1,"3":1,"4":1,"5":1,"6":1,"7":1,"8":1,"9":1,"10":1,"11":1,"12":1,"13":1,"14":1,"15":1,"16":1,"17":1,"18":1,"19":1,"20":1,"21":1,"22":1,"23":1},"branchMap":{},"b":{},"fnMap":{},"f":{}}
,"C:\\Users\\casho\\Documents\\projects\\fiapBlog-frontEnd\\fiapBlog-frontEnd\\src\\test\\TestApp.jsx": {"path":"C:\\Users\\casho\\Documents\\projects\\fiapBlog-frontEnd\\fiapBlog-frontEnd\\src\\test\\TestApp.jsx","all":false,"statementMap":{"0":{"start":{"line":1,"column":0},"end":{"line":1,"column":26}},"1":{"start":{"line":2,"column":0},"end":{"line":2,"column":54}},"2":{"start":{"line":3,"column":0},"end":{"line":3,"column":54}},"3":{"start":{"line":4,"column":0},"end":{"line":4,"column":61}},"4":{"start":{"line":5,"column":0},"end":{"line":5,"column":48}},"5":{"start":{"line":6,"column":0},"end":{"line":6,"column":63}},"6":{"start":{"line":7,"column":0},"end":{"line":7,"column":0}},"7":{"start":{"line":8,"column":0},"end":{"line":8,"column":27}},"8":{"start":{"line":9,"column":0},"end":{"line":9,"column":10}},"9":{"start":{"line":10,"column":0},"end":{"line":10,"column":26}},"10":{"start":{"line":11,"column":0},"end":{"line":11,"column":20}},"11":{"start":{"line":12,"column":0},"end":{"line":12,"column":24}},"12":{"start":{"line":13,"column":0},"end":{"line":13,"column":20}},"13":{"start":{"line":14,"column":0},"end":{"line":14,"column":23}},"14":{"start":{"line":15,"column":0},"end":{"line":15,"column":21}},"15":{"start":{"line":16,"column":0},"end":{"line":16,"column":21}},"16":{"start":{"line":17,"column":0},"end":{"line":17,"column":27}},"17":{"start":{"line":18,"column":0},"end":{"line":18,"column":4}},"18":{"start":{"line":19,"column":0},"end":{"line":19,"column":1}}},"s":{"0":1,"1":1,"2":1,"3":1,"4":1,"5":1,"6":1,"7":1,"8":2,"9":2,"10":2,"11":2,"12":2,"13":2,"14":2,"15":2,"16":2,"17":2,"18":2},"branchMap":{"0":{"type":"branch","line":8,"loc":{"start":{"line":8,"column":7},"end":{"line":19,"column":1}},"locations":[{"start":{"line":8,"column":7},"end":{"line":19,"column":1}}]}},"b":{"0":[2]},"fnMap":{"0":{"name":"TestApp","decl":{"start":{"line":8,"column":7},"end":{"line":19,"column":1}},"loc":{"start":{"line":8,"column":7},"end":{"line":19,"column":1}},"line":8}},"f":{"0":2}}
,"C:\\Users\\casho\\Documents\\projects\\fiapBlog-frontEnd\\fiapBlog-frontEnd\\src\\utils\\crypto.js": {"path":"C:\\Users\\casho\\Documents\\projects\\fiapBlog-frontEnd\\fiapBlog-frontEnd\\src\\utils\\crypto.js","all":false,"statementMap":{"0":{"start":{"line":1,"column":0},"end":{"line":1,"column":3}},"1":{"start":{"line":2,"column":0},"end":{"line":2,"column":41}},"2":{"start":{"line":3,"column":0},"end":{"line":3,"column":3}},"3":{"start":{"line":4,"column":0},"end":{"line":4,"column":29}},"4":{"start":{"line":5,"column":0},"end":{"line":5,"column":39}},"5":{"start":{"line":6,"column":0},"end":{"line":6,"column":1}},"6":{"start":{"line":7,"column":0},"end":{"line":7,"column":0}},"7":{"start":{"line":8,"column":0},"end":{"line":8,"column":3}},"8":{"start":{"line":9,"column":0},"end":{"line":9,"column":41}},"9":{"start":{"line":10,"column":0},"end":{"line":10,"column":3}},"10":{"start":{"line":11,"column":0},"end":{"line":11,"column":28}},"11":{"start":{"line":12,"column":0},"end":{"line":12,"column":26}},"12":{"start":{"line":13,"column":0},"end":{"line":13,"column":46}},"13":{"start":{"line":14,"column":0},"end":{"line":14,"column":14}},"14":{"start":{"line":15,"column":0},"end":{"line":15,"column":1}},"15":{"start":{"line":16,"column":0},"end":{"line":16,"column":0}},"16":{"start":{"line":17,"column":0},"end":{"line":17,"column":3}},"17":{"start":{"line":18,"column":0},"end":{"line":18,"column":41}},"18":{"start":{"line":19,"column":0},"end":{"line":19,"column":3}},"19":{"start":{"line":20,"column":0},"end":{"line":20,"column":26}},"20":{"start":{"line":21,"column":0},"end":{"line":21,"column":47}},"21":{"start":{"line":22,"column":0},"end":{"line":22,"column":43}},"22":{"start":{"line":23,"column":0},"end":{"line":23,"column":50}},"23":{"start":{"line":24,"column":0},"end":{"line":24,"column":3}},"24":{"start":{"line":25,"column":0},"end":{"line":25,"column":15}},"25":{"start":{"line":26,"column":0},"end":{"line":26,"column":1}},"26":{"start":{"line":27,"column":0},"end":{"line":27,"column":0}},"27":{"start":{"line":28,"column":0},"end":{"line":28,"column":3}},"28":{"start":{"line":29,"column":0},"end":{"line":29,"column":25}},"29":{"start":{"line":30,"column":0},"end":{"line":30,"column":3}},"30":{"start":{"line":31,"column":0},"end":{"line":31,"column":32}},"31":{"start":{"line":32,"column":0},"end":{"line":32,"column":58}},"32":{"start":{"line":33,"column":0},"end":{"line":33,"column":26}},"33":{"start":{"line":34,"column":0},"end":{"line":34,"column":1}},"34":{"start":{"line":35,"column":0},"end":{"line":35,"column":0}},"35":{"start":{"line":36,"column":0},"end":{"line":36,"column":3}},"36":{"start":{"line":37,"column":0},"end":{"line":37,"column":38}},"37":{"start":{"line":38,"column":0},"end":{"line":38,"column":51}},"38":{"start":{"line":39,"column":0},"end":{"line":39,"column":55}},"39":{"start":{"line":40,"column":0},"end":{"line":40,"column":70}},"40":{"start":{"line":41,"column":0},"end":{"line":41,"column":3}},"41":{"start":{"line":42,"column":0},"end":{"line":42,"column":52}},"42":{"start":{"line":43,"column":0},"end":{"line":43,"column":32}},"43":{"start":{"line":44,"column":0},"end":{"line":44,"column":48}},"44":{"start":{"line":45,"column":0},"end":{"line":45,"column":2}},"45":{"start":{"line":46,"column":0},"end":{"line":46,"column":31}},"46":{"start":{"line":47,"column":0},"end":{"line":47,"column":44}},"47":{"start":{"line":48,"column":0},"end":{"line":48,"column":10}},"48":{"start":{"line":49,"column":0},"end":{"line":49,"column":18}},"49":{"start":{"line":50,"column":0},"end":{"line":50,"column":13}},"50":{"start":{"line":51,"column":0},"end":{"line":51,"column":10}},"51":{"start":{"line":52,"column":0},"end":{"line":52,"column":18}},"52":{"start":{"line":53,"column":0},"end":{"line":53,"column":4}},"53":{"start":{"line":54,"column":0},"end":{"line":54,"column":2}},"54":{"start":{"line":55,"column":0},"end":{"line":55,"column":33}},"55":{"start":{"line":56,"column":0},"end":{"line":56,"column":53}},"56":{"start":{"line":57,"column":0},"end":{"line":57,"column":5}},"57":{"start":{"line":58,"column":0},"end":{"line":58,"column":21}},"58":{"start":{"line":59,"column":0},"end":{"line":59,"column":29}},"59":{"start":{"line":60,"column":0},"end":{"line":60,"column":25}},"60":{"start":{"line":61,"column":0},"end":{"line":61,"column":22}},"61":{"start":{"line":62,"column":0},"end":{"line":62,"column":6}},"62":{"start":{"line":63,"column":0},"end":{"line":63,"column":8}},"63":{"start":{"line":64,"column":0},"end":{"line":64,"column":7}},"64":{"start":{"line":65,"column":0},"end":{"line":65,"column":4}},"65":{"start":{"line":66,"column":0},"end":{"line":66,"column":2}},"66":{"start":{"line":67,"column":0},"end":{"line":67,"column":42}},"67":{"start":{"line":68,"column":0},"end":{"line":68,"column":49}},"68":{"start":{"line":69,"column":0},"end":{"line":69,"column":1}},"69":{"start":{"line":70,"column":0},"end":{"line":70,"column":0}},"70":{"start":{"line":71,"column":0},"end":{"line":71,"column":3}},"71":{"start":{"line":72,"column":0},"end":{"line":72,"column":46}},"72":{"start":{"line":73,"column":0},"end":{"line":73,"column":66}},"73":{"start":{"line":74,"column":0},"end":{"line":74,"column":43}},"74":{"start":{"line":75,"column":0},"end":{"line":75,"column":56}},"75":{"start":{"line":76,"column":0},"end":{"line":76,"column":66}},"76":{"start":{"line":77,"column":0},"end":{"line":77,"column":3}},"77":{"start":{"line":78,"column":0},"end":{"line":78,"column":60}},"78":{"start":{"line":79,"column":0},"end":{"line":79,"column":7}},"79":{"start":{"line":80,"column":0},"end":{"line":80,"column":62}},"80":{"start":{"line":81,"column":0},"end":{"line":81,"column":35}},"81":{"start":{"line":82,"column":0},"end":{"line":82,"column":19}},"82":{"start":{"line":83,"column":0},"end":{"line":83,"column":53}},"83":{"start":{"line":84,"column":0},"end":{"line":84,"column":17}},"84":{"start":{"line":85,"column":0},"end":{"line":85,"column":3}},"85":{"start":{"line":86,"column":0},"end":{"line":86,"column":1}}},"s":{"0":1,"1":1,"2":1,"3":0,"4":0,"5":0,"6":1,"7":1,"8":1,"9":1,"10":0,"11":0,"12":0,"13":0,"14":0,"15":1,"16":1,"17":1,"18":1,"19":0,"20":0,"21":0,"22":0,"23":0,"24":0,"25":0,"26":1,"27":1,"28":1,"29":1,"30":1,"31":0,"32":0,"33":0,"34":1,"35":1,"36":1,"37":1,"38":1,"39":1,"40":1,"41":1,"42":0,"43":0,"44":0,"45":0,"46":0,"47":0,"48":0,"49":0,"50":0,"51":0,"52":0,"53":0,"54":0,"55":0,"56":0,"57":0,"58":0,"59":0,"60":0,"61":0,"62":0,"63":0,"64":0,"65":0,"66":0,"67":0,"68":0,"69":1,"70":1,"71":1,"72":1,"73":1,"74":1,"75":1,"76":1,"77":1,"78":0,"79":0,"80":0,"81":0,"82":0,"83":0,"84":0,"85":0},"branchMap":{},"b":{},"fnMap":{"0":{"name":"stringToBytes","decl":{"start":{"line":4,"column":0},"end":{"line":6,"column":1}},"loc":{"start":{"line":4,"column":0},"end":{"line":6,"column":1}},"line":4},"1":{"name":"bytesToHex","decl":{"start":{"line":11,"column":0},"end":{"line":15,"column":1}},"loc":{"start":{"line":11,"column":0},"end":{"line":15,"column":1}},"line":11},"2":{"name":"hexToBytes","decl":{"start":{"line":20,"column":0},"end":{"line":26,"column":1}},"loc":{"start":{"line":20,"column":0},"end":{"line":26,"column":1}},"line":20},"3":{"name":"generateSalt","decl":{"start":{"line":31,"column":7},"end":{"line":34,"column":1}},"loc":{"start":{"line":31,"column":7},"end":{"line":34,"column":1}},"line":31},"4":{"name":"hashPassword","decl":{"start":{"line":42,"column":7},"end":{"line":69,"column":1}},"loc":{"start":{"line":42,"column":7},"end":{"line":69,"column":1}},"line":42},"5":{"name":"verifyPassword","decl":{"start":{"line":78,"column":7},"end":{"line":86,"column":1}},"loc":{"start":{"line":78,"column":7},"end":{"line":86,"column":1}},"line":78}},"f":{"0":0,"1":0,"2":0,"3":0,"4":0,"5":0}}
}
